{"/Users/grinn/dev/libs/simplutils/src/arrays/functional.ts": {"path":"/Users/grinn/dev/libs/simplutils/src/arrays/functional.ts","statementMap":{"0":{"start":{"line":45,"column":0},"end":{"line":45,"column":16}},"1":{"start":{"line":2,"column":0},"end":{"line":2,"column":46}},"2":{"start":{"line":12,"column":28},"end":{"line":14,"column":1}},"3":{"start":{"line":13,"column":2},"end":{"line":13,"column":null}},"4":{"start":{"line":13,"column":27},"end":{"line":13,"column":33}},"5":{"start":{"line":12,"column":13},"end":{"line":12,"column":28}},"6":{"start":{"line":47,"column":4},"end":{"line":59,"column":7}},"7":{"start":{"line":48,"column":6},"end":{"line":59,"column":7}},"8":{"start":{"line":49,"column":22},"end":{"line":49,"column":38}},"9":{"start":{"line":50,"column":22},"end":{"line":50,"column":38}},"10":{"start":{"line":52,"column":10},"end":{"line":56,"column":17}},"11":{"start":{"line":58,"column":8},"end":{"line":58,"column":null}},"12":{"start":{"line":61,"column":17},"end":{"line":70,"column":3}},"13":{"start":{"line":62,"column":4},"end":{"line":69,"column":null}},"14":{"start":{"line":64,"column":8},"end":{"line":67,"column":null}},"15":{"start":{"line":65,"column":21},"end":{"line":65,"column":31}},"16":{"start":{"line":66,"column":10},"end":{"line":66,"column":null}},"17":{"start":{"line":71,"column":2},"end":{"line":71,"column":null}},"18":{"start":{"line":71,"column":22},"end":{"line":71,"column":23}},"19":{"start":{"line":96,"column":28},"end":{"line":101,"column":1}},"20":{"start":{"line":97,"column":17},"end":{"line":97,"column":37}},"21":{"start":{"line":97,"column":27},"end":{"line":97,"column":37}},"22":{"start":{"line":98,"column":2},"end":{"line":98,"column":null}},"23":{"start":{"line":98,"column":49},"end":{"line":98,"column":89}},"24":{"start":{"line":98,"column":70},"end":{"line":98,"column":88}},"25":{"start":{"line":99,"column":2},"end":{"line":99,"column":null}},"26":{"start":{"line":99,"column":48},"end":{"line":99,"column":88}},"27":{"start":{"line":99,"column":69},"end":{"line":99,"column":87}},"28":{"start":{"line":100,"column":2},"end":{"line":100,"column":null}},"29":{"start":{"line":96,"column":13},"end":{"line":96,"column":28}},"30":{"start":{"line":116,"column":36},"end":{"line":118,"column":1}},"31":{"start":{"line":117,"column":2},"end":{"line":117,"column":null}},"32":{"start":{"line":116,"column":13},"end":{"line":116,"column":36}}},"fnMap":{"0":{"name":"(anonymous_0)","decl":{"start":{"line":12,"column":28},"end":{"line":12,"column":32}},"loc":{"start":{"line":12,"column":59},"end":{"line":14,"column":1}}},"1":{"name":"(anonymous_1)","decl":{"start":{"line":13,"column":17},"end":{"line":13,"column":18}},"loc":{"start":{"line":13,"column":27},"end":{"line":13,"column":33}}},"2":{"name":"createSorter","decl":{"start":{"line":45,"column":16},"end":{"line":45,"column":28}},"loc":{"start":{"line":45,"column":28},"end":{"line":72,"column":1}}},"3":{"name":"(anonymous_3)","decl":{"start":{"line":47,"column":4},"end":{"line":47,"column":24}},"loc":{"start":{"line":48,"column":6},"end":{"line":59,"column":7}}},"4":{"name":"(anonymous_4)","decl":{"start":{"line":48,"column":6},"end":{"line":48,"column":7}},"loc":{"start":{"line":48,"column":23},"end":{"line":59,"column":7}}},"5":{"name":"(anonymous_5)","decl":{"start":{"line":61,"column":17},"end":{"line":61,"column":18}},"loc":{"start":{"line":61,"column":61},"end":{"line":70,"column":3}}},"6":{"name":"(anonymous_6)","decl":{"start":{"line":63,"column":11},"end":{"line":63,"column":31}},"loc":{"start":{"line":63,"column":87},"end":{"line":68,"column":7}}},"7":{"name":"(anonymous_7)","decl":{"start":{"line":64,"column":22},"end":{"line":64,"column":23}},"loc":{"start":{"line":64,"column":33},"end":{"line":67,"column":9}}},"8":{"name":"(anonymous_8)","decl":{"start":{"line":71,"column":16},"end":{"line":71,"column":19}},"loc":{"start":{"line":71,"column":22},"end":{"line":71,"column":23}}},"9":{"name":"(anonymous_9)","decl":{"start":{"line":96,"column":28},"end":{"line":96,"column":32}},"loc":{"start":{"line":96,"column":68},"end":{"line":101,"column":1}}},"10":{"name":"(anonymous_10)","decl":{"start":{"line":97,"column":17},"end":{"line":97,"column":18}},"loc":{"start":{"line":97,"column":27},"end":{"line":97,"column":37}}},"11":{"name":"(anonymous_11)","decl":{"start":{"line":98,"column":15},"end":{"line":98,"column":29}},"loc":{"start":{"line":98,"column":49},"end":{"line":98,"column":89}}},"12":{"name":"(anonymous_12)","decl":{"start":{"line":98,"column":65},"end":{"line":98,"column":66}},"loc":{"start":{"line":98,"column":70},"end":{"line":98,"column":88}}},"13":{"name":"(anonymous_13)","decl":{"start":{"line":99,"column":14},"end":{"line":99,"column":28}},"loc":{"start":{"line":99,"column":48},"end":{"line":99,"column":88}}},"14":{"name":"(anonymous_14)","decl":{"start":{"line":99,"column":64},"end":{"line":99,"column":65}},"loc":{"start":{"line":99,"column":69},"end":{"line":99,"column":87}}},"15":{"name":"(anonymous_15)","decl":{"start":{"line":116,"column":36},"end":{"line":116,"column":40}},"loc":{"start":{"line":116,"column":67},"end":{"line":118,"column":1}}}},"branchMap":{"0":{"loc":{"start":{"line":52,"column":10},"end":{"line":56,"column":17}},"type":"cond-expr","locations":[{"start":{"line":53,"column":14},"end":{"line":53,"column":40}},{"start":{"line":54,"column":14},"end":{"line":56,"column":17}}]},"1":{"loc":{"start":{"line":54,"column":14},"end":{"line":56,"column":17}},"type":"cond-expr","locations":[{"start":{"line":55,"column":16},"end":{"line":55,"column":29}},{"start":{"line":56,"column":16},"end":{"line":56,"column":17}}]},"2":{"loc":{"start":{"line":58,"column":15},"end":{"line":58,"column":41}},"type":"cond-expr","locations":[{"start":{"line":58,"column":31},"end":{"line":58,"column":34}},{"start":{"line":58,"column":37},"end":{"line":58,"column":41}}]},"3":{"loc":{"start":{"line":63,"column":55},"end":{"line":63,"column":83}},"type":"default-arg","locations":[{"start":{"line":63,"column":78},"end":{"line":63,"column":83}}]},"4":{"loc":{"start":{"line":66,"column":17},"end":{"line":66,"column":52}},"type":"binary-expr","locations":[{"start":{"line":66,"column":17},"end":{"line":66,"column":19}},{"start":{"line":66,"column":23},"end":{"line":66,"column":52}}]},"5":{"loc":{"start":{"line":98,"column":70},"end":{"line":98,"column":88}},"type":"binary-expr","locations":[{"start":{"line":98,"column":70},"end":{"line":98,"column":80}},{"start":{"line":98,"column":84},"end":{"line":98,"column":88}}]},"6":{"loc":{"start":{"line":99,"column":69},"end":{"line":99,"column":87}},"type":"binary-expr","locations":[{"start":{"line":99,"column":69},"end":{"line":99,"column":79}},{"start":{"line":99,"column":83},"end":{"line":99,"column":87}}]}},"s":{"0":4,"1":4,"2":4,"3":3,"4":6,"5":4,"6":4,"7":25,"8":25,"9":25,"10":25,"11":25,"12":4,"13":9,"14":5,"15":30,"16":30,"17":4,"18":24,"19":4,"20":5,"21":15,"22":5,"23":1,"24":5,"25":5,"26":1,"27":5,"28":5,"29":4,"30":4,"31":5,"32":4},"f":{"0":3,"1":6,"2":4,"3":25,"4":25,"5":9,"6":5,"7":30,"8":24,"9":5,"10":15,"11":1,"12":5,"13":1,"14":5,"15":5},"b":{"0":[18,7],"1":[7,0],"2":[18,7],"3":[0],"4":[30,25],"5":[5,2],"6":[5,4]}}
,"/Users/grinn/dev/libs/simplutils/src/arrays/id-arrays.ts": {"path":"/Users/grinn/dev/libs/simplutils/src/arrays/id-arrays.ts","statementMap":{"0":{"start":{"line":12,"column":0},"end":{"line":12,"column":16}},"1":{"start":{"line":13,"column":2},"end":{"line":13,"column":null}},"2":{"start":{"line":26,"column":24},"end":{"line":28,"column":1}},"3":{"start":{"line":27,"column":2},"end":{"line":27,"column":null}},"4":{"start":{"line":27,"column":23},"end":{"line":27,"column":34}},"5":{"start":{"line":26,"column":13},"end":{"line":26,"column":24}},"6":{"start":{"line":40,"column":24},"end":{"line":44,"column":1}},"7":{"start":{"line":41,"column":16},"end":{"line":41,"column":42}},"8":{"start":{"line":41,"column":30},"end":{"line":41,"column":41}},"9":{"start":{"line":42,"column":19},"end":{"line":42,"column":61}},"10":{"start":{"line":42,"column":43},"end":{"line":42,"column":54}},"11":{"start":{"line":43,"column":2},"end":{"line":43,"column":null}},"12":{"start":{"line":40,"column":13},"end":{"line":40,"column":24}},"13":{"start":{"line":58,"column":33},"end":{"line":68,"column":1}},"14":{"start":{"line":59,"column":24},"end":{"line":65,"column":null}},"15":{"start":{"line":61,"column":30},"end":{"line":61,"column":48}},"16":{"start":{"line":62,"column":35},"end":{"line":62,"column":59}},"17":{"start":{"line":63,"column":6},"end":{"line":63,"column":null}},"18":{"start":{"line":67,"column":2},"end":{"line":67,"column":null}},"19":{"start":{"line":58,"column":13},"end":{"line":58,"column":33}},"20":{"start":{"line":81,"column":28},"end":{"line":83,"column":1}},"21":{"start":{"line":82,"column":2},"end":{"line":82,"column":null}},"22":{"start":{"line":81,"column":13},"end":{"line":81,"column":28}},"23":{"start":{"line":95,"column":18},"end":{"line":95,"column":27}},"24":{"start":{"line":96,"column":16},"end":{"line":96,"column":24}},"25":{"start":{"line":97,"column":16},"end":{"line":97,"column":24}},"26":{"start":{"line":98,"column":17},"end":{"line":98,"column":34}},"27":{"start":{"line":99,"column":18},"end":{"line":99,"column":30}},"28":{"start":{"line":92,"column":0},"end":{"line":92,"column":13}}},"fnMap":{"0":{"name":"hasSameId","decl":{"start":{"line":12,"column":16},"end":{"line":12,"column":25}},"loc":{"start":{"line":12,"column":60},"end":{"line":14,"column":1}}},"1":{"name":"(anonymous_1)","decl":{"start":{"line":26,"column":24},"end":{"line":26,"column":47}},"loc":{"start":{"line":26,"column":72},"end":{"line":28,"column":1}}},"2":{"name":"(anonymous_2)","decl":{"start":{"line":27,"column":18},"end":{"line":27,"column":19}},"loc":{"start":{"line":27,"column":23},"end":{"line":27,"column":34}}},"3":{"name":"(anonymous_3)","decl":{"start":{"line":40,"column":24},"end":{"line":40,"column":47}},"loc":{"start":{"line":40,"column":94},"end":{"line":44,"column":1}}},"4":{"name":"(anonymous_4)","decl":{"start":{"line":41,"column":25},"end":{"line":41,"column":26}},"loc":{"start":{"line":41,"column":30},"end":{"line":41,"column":41}}},"5":{"name":"(anonymous_5)","decl":{"start":{"line":42,"column":38},"end":{"line":42,"column":39}},"loc":{"start":{"line":42,"column":43},"end":{"line":42,"column":54}}},"6":{"name":"(anonymous_6)","decl":{"start":{"line":58,"column":33},"end":{"line":58,"column":56}},"loc":{"start":{"line":58,"column":81},"end":{"line":68,"column":1}}},"7":{"name":"(anonymous_7)","decl":{"start":{"line":60,"column":4},"end":{"line":60,"column":5}},"loc":{"start":{"line":60,"column":16},"end":{"line":64,"column":5}}},"8":{"name":"(anonymous_8)","decl":{"start":{"line":81,"column":28},"end":{"line":81,"column":51}},"loc":{"start":{"line":81,"column":75},"end":{"line":83,"column":1}}},"9":{"name":"(anonymous_9)","decl":{"start":{"line":93,"column":2},"end":{"line":93,"column":26}},"loc":{"start":{"line":93,"column":2},"end":{"line":93,"column":27}}}},"branchMap":{"0":{"loc":{"start":{"line":42,"column":19},"end":{"line":42,"column":61}},"type":"cond-expr","locations":[{"start":{"line":42,"column":27},"end":{"line":42,"column":55}},{"start":{"line":42,"column":58},"end":{"line":42,"column":61}}]},"1":{"loc":{"start":{"line":63,"column":23},"end":{"line":63,"column":33}},"type":"binary-expr","locations":[{"start":{"line":63,"column":23},"end":{"line":63,"column":28}},{"start":{"line":63,"column":32},"end":{"line":63,"column":33}}]}},"s":{"0":5,"1":4,"2":5,"3":3,"4":5,"5":5,"6":5,"7":9,"8":12,"9":9,"10":7,"11":9,"12":5,"13":5,"14":6,"15":7,"16":7,"17":7,"18":6,"19":5,"20":5,"21":2,"22":5,"23":5,"24":5,"25":5,"26":5,"27":5,"28":5},"f":{"0":4,"1":3,"2":5,"3":9,"4":12,"5":7,"6":6,"7":7,"8":2,"9":0},"b":{"0":[4,5],"1":[7,4]}}
,"/Users/grinn/dev/libs/simplutils/src/arrays/index.ts": {"path":"/Users/grinn/dev/libs/simplutils/src/arrays/index.ts","statementMap":{"0":{"start":{"line":1,"column":0},"end":{"line":1,"column":28}},"1":{"start":{"line":2,"column":0},"end":{"line":2,"column":27}},"2":{"start":{"line":3,"column":0},"end":{"line":3,"column":23}},"3":{"start":{"line":4,"column":0},"end":{"line":4,"column":23}}},"fnMap":{},"branchMap":{},"s":{"0":4,"1":4,"2":4,"3":4},"f":{},"b":{}}
,"/Users/grinn/dev/libs/simplutils/src/arrays/range.ts": {"path":"/Users/grinn/dev/libs/simplutils/src/arrays/range.ts","statementMap":{"0":{"start":{"line":23,"column":38},"end":{"line":28,"column":1}},"1":{"start":{"line":24,"column":2},"end":{"line":24,"column":null}},"2":{"start":{"line":24,"column":18},"end":{"line":24,"column":null}},"3":{"start":{"line":25,"column":17},"end":{"line":25,"column":46}},"4":{"start":{"line":26,"column":16},"end":{"line":26,"column":33}},"5":{"start":{"line":27,"column":2},"end":{"line":27,"column":null}},"6":{"start":{"line":27,"column":75},"end":{"line":27,"column":95}},"7":{"start":{"line":23,"column":13},"end":{"line":23,"column":38}}},"fnMap":{"0":{"name":"(anonymous_0)","decl":{"start":{"line":23,"column":38},"end":{"line":23,"column":39}},"loc":{"start":{"line":23,"column":90},"end":{"line":28,"column":1}}},"1":{"name":"(anonymous_1)","decl":{"start":{"line":27,"column":57},"end":{"line":27,"column":58}},"loc":{"start":{"line":27,"column":75},"end":{"line":27,"column":95}}}},"branchMap":{"0":{"loc":{"start":{"line":23,"column":70},"end":{"line":23,"column":86}},"type":"default-arg","locations":[{"start":{"line":23,"column":85},"end":{"line":23,"column":86}}]},"1":{"loc":{"start":{"line":24,"column":2},"end":{"line":24,"column":null}},"type":"if","locations":[{"start":{"line":24,"column":2},"end":{"line":24,"column":null}}]},"2":{"loc":{"start":{"line":25,"column":17},"end":{"line":25,"column":46}},"type":"cond-expr","locations":[{"start":{"line":25,"column":25},"end":{"line":25,"column":38}},{"start":{"line":25,"column":41},"end":{"line":25,"column":46}}]},"3":{"loc":{"start":{"line":26,"column":16},"end":{"line":26,"column":33}},"type":"cond-expr","locations":[{"start":{"line":26,"column":24},"end":{"line":26,"column":29}},{"start":{"line":26,"column":32},"end":{"line":26,"column":33}}]}},"s":{"0":5,"1":6,"2":1,"3":5,"4":5,"5":5,"6":24,"7":5},"f":{"0":6,"1":24},"b":{"0":[3],"1":[1],"2":[4,1],"3":[4,1]}}
,"/Users/grinn/dev/libs/simplutils/src/arrays/utils.ts": {"path":"/Users/grinn/dev/libs/simplutils/src/arrays/utils.ts","statementMap":{"0":{"start":{"line":117,"column":0},"end":{"line":117,"column":16}},"1":{"start":{"line":140,"column":0},"end":{"line":140,"column":16}},"2":{"start":{"line":20,"column":26},"end":{"line":24,"column":1}},"3":{"start":{"line":21,"column":16},"end":{"line":21,"column":49}},"4":{"start":{"line":22,"column":16},"end":{"line":22,"column":57}},"5":{"start":{"line":23,"column":2},"end":{"line":23,"column":null}},"6":{"start":{"line":20,"column":13},"end":{"line":20,"column":26}},"7":{"start":{"line":32,"column":21},"end":{"line":42,"column":1}},"8":{"start":{"line":33,"column":2},"end":{"line":41,"column":null}},"9":{"start":{"line":34,"column":4},"end":{"line":34,"column":null}},"10":{"start":{"line":34,"column":26},"end":{"line":34,"column":null}},"11":{"start":{"line":35,"column":22},"end":{"line":35,"column":42}},"12":{"start":{"line":36,"column":4},"end":{"line":40,"column":5}},"13":{"start":{"line":36,"column":34},"end":{"line":36,"column":null}},"14":{"start":{"line":38,"column":29},"end":{"line":38,"column":43}},"15":{"start":{"line":39,"column":6},"end":{"line":39,"column":null}},"16":{"start":{"line":32,"column":13},"end":{"line":32,"column":21}},"17":{"start":{"line":50,"column":22},"end":{"line":65,"column":1}},"18":{"start":{"line":55,"column":4},"end":{"line":59,"column":21}},"19":{"start":{"line":56,"column":18},"end":{"line":56,"column":38}},"20":{"start":{"line":59,"column":20},"end":{"line":59,"column":21}},"21":{"start":{"line":60,"column":2},"end":{"line":64,"column":null}},"22":{"start":{"line":61,"column":4},"end":{"line":63,"column":null}},"23":{"start":{"line":61,"column":39},"end":{"line":61,"column":96}},"24":{"start":{"line":50,"column":13},"end":{"line":50,"column":22}},"25":{"start":{"line":74,"column":2},"end":{"line":88,"column":5}},"26":{"start":{"line":75,"column":4},"end":{"line":88,"column":5}},"27":{"start":{"line":76,"column":6},"end":{"line":87,"column":null}},"28":{"start":{"line":76,"column":30},"end":{"line":76,"column":null}},"29":{"start":{"line":77,"column":11},"end":{"line":87,"column":null}},"30":{"start":{"line":78,"column":8},"end":{"line":81,"column":null}},"31":{"start":{"line":79,"column":31},"end":{"line":79,"column":88}},"32":{"start":{"line":83,"column":8},"end":{"line":87,"column":null}},"33":{"start":{"line":84,"column":10},"end":{"line":86,"column":null}},"34":{"start":{"line":85,"column":33},"end":{"line":85,"column":90}},"35":{"start":{"line":73,"column":13},"end":{"line":73,"column":null}},"36":{"start":{"line":93,"column":13},"end":{"line":93,"column":null}},"37":{"start":{"line":93,"column":48},"end":{"line":93,"column":55}},"38":{"start":{"line":98,"column":13},"end":{"line":98,"column":null}},"39":{"start":{"line":98,"column":48},"end":{"line":98,"column":55}},"40":{"start":{"line":103,"column":13},"end":{"line":103,"column":null}},"41":{"start":{"line":103,"column":49},"end":{"line":103,"column":66}},"42":{"start":{"line":108,"column":13},"end":{"line":108,"column":null}},"43":{"start":{"line":108,"column":49},"end":{"line":108,"column":66}},"44":{"start":{"line":118,"column":27},"end":{"line":126,"column":null}},"45":{"start":{"line":120,"column":6},"end":{"line":124,"column":7}},"46":{"start":{"line":121,"column":8},"end":{"line":121,"column":null}},"47":{"start":{"line":123,"column":8},"end":{"line":123,"column":null}},"48":{"start":{"line":128,"column":2},"end":{"line":128,"column":null}},"49":{"start":{"line":141,"column":2},"end":{"line":144,"column":null}},"50":{"start":{"line":142,"column":27},"end":{"line":142,"column":87}},"51":{"start":{"line":153,"column":25},"end":{"line":167,"column":1}},"52":{"start":{"line":158,"column":17},"end":{"line":158,"column":19}},"53":{"start":{"line":159,"column":2},"end":{"line":165,"column":3}},"54":{"start":{"line":160,"column":4},"end":{"line":164,"column":5}},"55":{"start":{"line":160,"column":23},"end":{"line":160,"column":null}},"56":{"start":{"line":162,"column":6},"end":{"line":162,"column":null}},"57":{"start":{"line":162,"column":23},"end":{"line":162,"column":null}},"58":{"start":{"line":163,"column":6},"end":{"line":163,"column":11}},"59":{"start":{"line":166,"column":2},"end":{"line":166,"column":null}},"60":{"start":{"line":153,"column":13},"end":{"line":153,"column":25}}},"fnMap":{"0":{"name":"(anonymous_0)","decl":{"start":{"line":20,"column":26},"end":{"line":20,"column":30}},"loc":{"start":{"line":20,"column":71},"end":{"line":24,"column":1}}},"1":{"name":"(anonymous_1)","decl":{"start":{"line":32,"column":21},"end":{"line":32,"column":25}},"loc":{"start":{"line":32,"column":60},"end":{"line":42,"column":1}}},"2":{"name":"(anonymous_2)","decl":{"start":{"line":33,"column":22},"end":{"line":33,"column":23}},"loc":{"start":{"line":33,"column":33},"end":{"line":41,"column":3}}},"3":{"name":"(anonymous_3)","decl":{"start":{"line":50,"column":22},"end":{"line":50,"column":null}},"loc":{"start":{"line":53,"column":9},"end":{"line":65,"column":1}}},"4":{"name":"(anonymous_4)","decl":{"start":{"line":56,"column":8},"end":{"line":56,"column":9}},"loc":{"start":{"line":56,"column":18},"end":{"line":56,"column":38}}},"5":{"name":"(anonymous_5)","decl":{"start":{"line":59,"column":10},"end":{"line":59,"column":11}},"loc":{"start":{"line":59,"column":20},"end":{"line":59,"column":21}}},"6":{"name":"(anonymous_6)","decl":{"start":{"line":60,"column":22},"end":{"line":60,"column":23}},"loc":{"start":{"line":60,"column":33},"end":{"line":64,"column":3}}},"7":{"name":"(anonymous_7)","decl":{"start":{"line":61,"column":20},"end":{"line":61,"column":35}},"loc":{"start":{"line":61,"column":39},"end":{"line":61,"column":96}}},"8":{"name":"(anonymous_8)","decl":{"start":{"line":74,"column":2},"end":{"line":74,"column":3}},"loc":{"start":{"line":75,"column":4},"end":{"line":88,"column":5}}},"9":{"name":"(anonymous_9)","decl":{"start":{"line":75,"column":4},"end":{"line":75,"column":8}},"loc":{"start":{"line":75,"column":91},"end":{"line":88,"column":5}}},"10":{"name":"(anonymous_10)","decl":{"start":{"line":79,"column":10},"end":{"line":79,"column":11}},"loc":{"start":{"line":79,"column":31},"end":{"line":79,"column":88}}},"11":{"name":"(anonymous_11)","decl":{"start":{"line":83,"column":16},"end":{"line":83,"column":17}},"loc":{"start":{"line":84,"column":10},"end":{"line":86,"column":null}}},"12":{"name":"(anonymous_12)","decl":{"start":{"line":85,"column":12},"end":{"line":85,"column":13}},"loc":{"start":{"line":85,"column":33},"end":{"line":85,"column":90}}},"13":{"name":"(anonymous_13)","decl":{"start":{"line":93,"column":36},"end":{"line":93,"column":37}},"loc":{"start":{"line":93,"column":48},"end":{"line":93,"column":55}}},"14":{"name":"(anonymous_14)","decl":{"start":{"line":98,"column":36},"end":{"line":98,"column":37}},"loc":{"start":{"line":98,"column":48},"end":{"line":98,"column":55}}},"15":{"name":"(anonymous_15)","decl":{"start":{"line":103,"column":36},"end":{"line":103,"column":37}},"loc":{"start":{"line":103,"column":49},"end":{"line":103,"column":66}}},"16":{"name":"(anonymous_16)","decl":{"start":{"line":108,"column":36},"end":{"line":108,"column":37}},"loc":{"start":{"line":108,"column":49},"end":{"line":108,"column":66}}},"17":{"name":"upsert","decl":{"start":{"line":117,"column":16},"end":{"line":117,"column":22}},"loc":{"start":{"line":117,"column":79},"end":{"line":129,"column":1}}},"18":{"name":"(anonymous_18)","decl":{"start":{"line":119,"column":4},"end":{"line":119,"column":5}},"loc":{"start":{"line":119,"column":28},"end":{"line":125,"column":5}}},"19":{"name":"partition","decl":{"start":{"line":140,"column":16},"end":{"line":140,"column":25}},"loc":{"start":{"line":140,"column":67},"end":{"line":145,"column":1}}},"20":{"name":"(anonymous_20)","decl":{"start":{"line":142,"column":4},"end":{"line":142,"column":5}},"loc":{"start":{"line":142,"column":27},"end":{"line":142,"column":87}}},"21":{"name":"(anonymous_21)","decl":{"start":{"line":153,"column":25},"end":{"line":153,"column":null}},"loc":{"start":{"line":157,"column":9},"end":{"line":167,"column":1}}}},"branchMap":{"0":{"loc":{"start":{"line":21,"column":16},"end":{"line":21,"column":49}},"type":"cond-expr","locations":[{"start":{"line":21,"column":40},"end":{"line":21,"column":45}},{"start":{"line":21,"column":48},"end":{"line":21,"column":49}}]},"1":{"loc":{"start":{"line":22,"column":16},"end":{"line":22,"column":57}},"type":"cond-expr","locations":[{"start":{"line":22,"column":40},"end":{"line":22,"column":49}},{"start":{"line":22,"column":52},"end":{"line":22,"column":57}}]},"2":{"loc":{"start":{"line":34,"column":4},"end":{"line":34,"column":null}},"type":"if","locations":[{"start":{"line":34,"column":4},"end":{"line":34,"column":null}}]},"3":{"loc":{"start":{"line":36,"column":4},"end":{"line":40,"column":5}},"type":"if","locations":[{"start":{"line":36,"column":4},"end":{"line":40,"column":5}},{"start":{"line":37,"column":9},"end":{"line":40,"column":5}}]},"4":{"loc":{"start":{"line":55,"column":4},"end":{"line":59,"column":21}},"type":"cond-expr","locations":[{"start":{"line":56,"column":8},"end":{"line":56,"column":38}},{"start":{"line":57,"column":8},"end":{"line":59,"column":21}}]},"5":{"loc":{"start":{"line":57,"column":8},"end":{"line":59,"column":21}},"type":"cond-expr","locations":[{"start":{"line":58,"column":10},"end":{"line":58,"column":16}},{"start":{"line":59,"column":10},"end":{"line":59,"column":21}}]},"6":{"loc":{"start":{"line":61,"column":11},"end":{"line":63,"column":19}},"type":"cond-expr","locations":[{"start":{"line":62,"column":8},"end":{"line":62,"column":11}},{"start":{"line":63,"column":8},"end":{"line":63,"column":19}}]},"7":{"loc":{"start":{"line":76,"column":6},"end":{"line":87,"column":null}},"type":"if","locations":[{"start":{"line":76,"column":6},"end":{"line":87,"column":null}},{"start":{"line":77,"column":11},"end":{"line":87,"column":null}}]},"8":{"loc":{"start":{"line":76,"column":38},"end":{"line":76,"column":50}},"type":"binary-expr","locations":[{"start":{"line":76,"column":38},"end":{"line":76,"column":45}},{"start":{"line":76,"column":49},"end":{"line":76,"column":50}}]},"9":{"loc":{"start":{"line":77,"column":11},"end":{"line":87,"column":null}},"type":"if","locations":[{"start":{"line":77,"column":11},"end":{"line":87,"column":null}},{"start":{"line":83,"column":8},"end":{"line":87,"column":null}}]},"10":{"loc":{"start":{"line":79,"column":31},"end":{"line":79,"column":88}},"type":"cond-expr","locations":[{"start":{"line":79,"column":37},"end":{"line":79,"column":72}},{"start":{"line":79,"column":76},"end":{"line":79,"column":88}}]},"11":{"loc":{"start":{"line":85,"column":33},"end":{"line":85,"column":90}},"type":"cond-expr","locations":[{"start":{"line":85,"column":39},"end":{"line":85,"column":75}},{"start":{"line":85,"column":78},"end":{"line":85,"column":90}}]},"12":{"loc":{"start":{"line":103,"column":49},"end":{"line":103,"column":66}},"type":"cond-expr","locations":[{"start":{"line":103,"column":59},"end":{"line":103,"column":61}},{"start":{"line":103,"column":64},"end":{"line":103,"column":66}}]},"13":{"loc":{"start":{"line":108,"column":49},"end":{"line":108,"column":66}},"type":"cond-expr","locations":[{"start":{"line":108,"column":59},"end":{"line":108,"column":61}},{"start":{"line":108,"column":64},"end":{"line":108,"column":66}}]},"14":{"loc":{"start":{"line":120,"column":6},"end":{"line":124,"column":7}},"type":"if","locations":[{"start":{"line":120,"column":6},"end":{"line":124,"column":7}},{"start":{"line":122,"column":13},"end":{"line":124,"column":7}}]},"15":{"loc":{"start":{"line":128,"column":9},"end":{"line":128,"column":41}},"type":"cond-expr","locations":[{"start":{"line":128,"column":17},"end":{"line":128,"column":22}},{"start":{"line":128,"column":25},"end":{"line":128,"column":41}}]},"16":{"loc":{"start":{"line":142,"column":27},"end":{"line":142,"column":87}},"type":"cond-expr","locations":[{"start":{"line":142,"column":42},"end":{"line":142,"column":63}},{"start":{"line":142,"column":66},"end":{"line":142,"column":87}}]},"17":{"loc":{"start":{"line":156,"column":2},"end":{"line":156,"column":30}},"type":"default-arg","locations":[{"start":{"line":156,"column":25},"end":{"line":156,"column":30}}]},"18":{"loc":{"start":{"line":160,"column":4},"end":{"line":164,"column":5}},"type":"if","locations":[{"start":{"line":160,"column":4},"end":{"line":164,"column":5}},{"start":{"line":161,"column":9},"end":{"line":164,"column":5}}]},"19":{"loc":{"start":{"line":162,"column":6},"end":{"line":162,"column":null}},"type":"if","locations":[{"start":{"line":162,"column":6},"end":{"line":162,"column":null}}]}},"s":{"0":5,"1":5,"2":5,"3":23,"4":23,"5":23,"6":5,"7":5,"8":4,"9":11,"10":3,"11":8,"12":8,"13":3,"14":5,"15":5,"16":5,"17":5,"18":4,"19":4,"20":22,"21":4,"22":12,"23":15,"24":5,"25":5,"26":20,"27":10,"28":4,"29":6,"30":4,"31":20,"32":2,"33":2,"34":6,"35":5,"36":5,"37":6,"38":5,"39":3,"40":5,"41":7,"42":5,"43":5,"44":3,"45":2,"46":1,"47":1,"48":3,"49":4,"50":11,"51":5,"52":5,"53":5,"54":13,"55":9,"56":4,"57":2,"58":4,"59":5,"60":5},"f":{"0":23,"1":4,"2":11,"3":4,"4":4,"5":22,"6":12,"7":15,"8":20,"9":10,"10":20,"11":2,"12":6,"13":6,"14":3,"15":7,"16":5,"17":3,"18":2,"19":4,"20":11,"21":5},"b":{"0":[1,22],"1":[1,22],"2":[3],"3":[3,5],"4":[1,3],"5":[1,2],"6":[5,7],"7":[4,6],"8":[4,2],"9":[4,2],"10":[17,3],"11":[4,2],"12":[3,4],"13":[3,2],"14":[1,1],"15":[1,2],"16":[5,6],"17":[3],"18":[9,4],"19":[2]}}
,"/Users/grinn/dev/libs/simplutils/src/async/delay.ts": {"path":"/Users/grinn/dev/libs/simplutils/src/async/delay.ts","statementMap":{"0":{"start":{"line":10,"column":21},"end":{"line":10,"column":84}},"1":{"start":{"line":10,"column":37},"end":{"line":10,"column":84}},"2":{"start":{"line":10,"column":60},"end":{"line":10,"column":83}},"3":{"start":{"line":10,"column":13},"end":{"line":10,"column":21}}},"fnMap":{"0":{"name":"(anonymous_0)","decl":{"start":{"line":10,"column":21},"end":{"line":10,"column":22}},"loc":{"start":{"line":10,"column":37},"end":{"line":10,"column":84}}},"1":{"name":"(anonymous_1)","decl":{"start":{"line":10,"column":49},"end":{"line":10,"column":56}},"loc":{"start":{"line":10,"column":60},"end":{"line":10,"column":83}}}},"branchMap":{},"s":{"0":6,"1":30,"2":30,"3":6},"f":{"0":30,"1":30},"b":{}}
,"/Users/grinn/dev/libs/simplutils/src/async/mutex.ts": {"path":"/Users/grinn/dev/libs/simplutils/src/async/mutex.ts","statementMap":{"0":{"start":{"line":68,"column":0},"end":{"line":68,"column":16}},"1":{"start":{"line":1,"column":0},"end":{"line":1,"column":43}},"2":{"start":{"line":20,"column":35},"end":{"line":20,"column":37}},"3":{"start":{"line":21,"column":20},"end":{"line":21,"column":25}},"4":{"start":{"line":29,"column":4},"end":{"line":36,"column":null}},"5":{"start":{"line":30,"column":6},"end":{"line":35,"column":7}},"6":{"start":{"line":31,"column":8},"end":{"line":31,"column":null}},"7":{"start":{"line":32,"column":8},"end":{"line":32,"column":null}},"8":{"start":{"line":34,"column":8},"end":{"line":34,"column":null}},"9":{"start":{"line":43,"column":4},"end":{"line":48,"column":5}},"10":{"start":{"line":44,"column":22},"end":{"line":44,"column":41}},"11":{"start":{"line":45,"column":6},"end":{"line":45,"column":null}},"12":{"start":{"line":47,"column":6},"end":{"line":47,"column":null}},"13":{"start":{"line":19,"column":0},"end":{"line":19,"column":13}},"14":{"start":{"line":69,"column":41},"end":{"line":69,"column":43}},"15":{"start":{"line":70,"column":2},"end":{"line":80,"column":null}},"16":{"start":{"line":71,"column":14},"end":{"line":71,"column":66}},"17":{"start":{"line":71,"column":37},"end":{"line":71,"column":60}},"18":{"start":{"line":72,"column":4},"end":{"line":79,"column":5}},"19":{"start":{"line":72,"column":11},"end":{"line":72,"column":null}},"20":{"start":{"line":74,"column":16},"end":{"line":74,"column":27}},"21":{"start":{"line":75,"column":6},"end":{"line":75,"column":null}},"22":{"start":{"line":76,"column":6},"end":{"line":76,"column":null}},"23":{"start":{"line":77,"column":6},"end":{"line":77,"column":null}},"24":{"start":{"line":77,"column":42},"end":{"line":77,"column":66}},"25":{"start":{"line":78,"column":6},"end":{"line":78,"column":null}}},"fnMap":{"0":{"name":"(anonymous_0)","decl":{"start":{"line":28,"column":2},"end":{"line":28,"column":6}},"loc":{"start":{"line":28,"column":6},"end":{"line":37,"column":3}}},"1":{"name":"(anonymous_1)","decl":{"start":{"line":29,"column":29},"end":{"line":29,"column":36}},"loc":{"start":{"line":29,"column":39},"end":{"line":36,"column":5}}},"2":{"name":"(anonymous_2)","decl":{"start":{"line":42,"column":2},"end":{"line":42,"column":8}},"loc":{"start":{"line":42,"column":8},"end":{"line":49,"column":3}}},"3":{"name":"preventConcurrentCalls","decl":{"start":{"line":68,"column":16},"end":{"line":68,"column":38}},"loc":{"start":{"line":68,"column":89},"end":{"line":81,"column":1}}},"4":{"name":"(anonymous_4)","decl":{"start":{"line":70,"column":9},"end":{"line":70,"column":14}},"loc":{"start":{"line":70,"column":42},"end":{"line":80,"column":3}}},"5":{"name":"(anonymous_5)","decl":{"start":{"line":71,"column":28},"end":{"line":71,"column":29}},"loc":{"start":{"line":71,"column":37},"end":{"line":71,"column":60}}},"6":{"name":"(anonymous_6)","decl":{"start":{"line":77,"column":33},"end":{"line":77,"column":34}},"loc":{"start":{"line":77,"column":42},"end":{"line":77,"column":66}}}},"branchMap":{"0":{"loc":{"start":{"line":30,"column":6},"end":{"line":35,"column":7}},"type":"if","locations":[{"start":{"line":30,"column":6},"end":{"line":35,"column":7}},{"start":{"line":33,"column":13},"end":{"line":35,"column":7}}]},"1":{"loc":{"start":{"line":43,"column":4},"end":{"line":48,"column":5}},"type":"if","locations":[{"start":{"line":43,"column":4},"end":{"line":48,"column":5}},{"start":{"line":46,"column":11},"end":{"line":48,"column":5}}]},"2":{"loc":{"start":{"line":72,"column":4},"end":{"line":79,"column":5}},"type":"if","locations":[{"start":{"line":72,"column":4},"end":{"line":79,"column":5}},{"start":{"line":73,"column":9},"end":{"line":79,"column":5}}]}},"s":{"0":1,"1":1,"2":3,"3":3,"4":6,"5":6,"6":4,"7":4,"8":2,"9":3,"10":2,"11":2,"12":1,"13":1,"14":3,"15":3,"16":6,"17":2,"18":6,"19":1,"20":5,"21":5,"22":5,"23":5,"24":6,"25":5},"f":{"0":6,"1":6,"2":3,"3":3,"4":6,"5":2,"6":6},"b":{"0":[4,2],"1":[2,1],"2":[1,5]}}
,"/Users/grinn/dev/libs/simplutils/src/async/promises.ts": {"path":"/Users/grinn/dev/libs/simplutils/src/async/promises.ts","statementMap":{"0":{"start":{"line":13,"column":34},"end":{"line":19,"column":1}},"1":{"start":{"line":14,"column":23},"end":{"line":14,"column":25}},"2":{"start":{"line":15,"column":2},"end":{"line":17,"column":3}},"3":{"start":{"line":16,"column":4},"end":{"line":16,"column":null}},"4":{"start":{"line":18,"column":2},"end":{"line":18,"column":null}},"5":{"start":{"line":13,"column":13},"end":{"line":13,"column":34}},"6":{"start":{"line":42,"column":27},"end":{"line":50,"column":1}},"7":{"start":{"line":47,"column":2},"end":{"line":49,"column":null}},"8":{"start":{"line":42,"column":13},"end":{"line":42,"column":27}},"9":{"start":{"line":70,"column":4},"end":{"line":73,"column":null}},"10":{"start":{"line":71,"column":6},"end":{"line":71,"column":null}},"11":{"start":{"line":72,"column":6},"end":{"line":72,"column":null}},"12":{"start":{"line":81,"column":4},"end":{"line":81,"column":null}},"13":{"start":{"line":89,"column":4},"end":{"line":89,"column":null}},"14":{"start":{"line":97,"column":24},"end":{"line":97,"column":44}},"15":{"start":{"line":98,"column":4},"end":{"line":98,"column":null}},"16":{"start":{"line":64,"column":0},"end":{"line":64,"column":13}}},"fnMap":{"0":{"name":"(anonymous_0)","decl":{"start":{"line":13,"column":34},"end":{"line":13,"column":39}},"loc":{"start":{"line":13,"column":84},"end":{"line":19,"column":1}}},"1":{"name":"(anonymous_1)","decl":{"start":{"line":42,"column":27},"end":{"line":42,"column":32}},"loc":{"start":{"line":46,"column":18},"end":{"line":50,"column":1}}},"2":{"name":"(anonymous_2)","decl":{"start":{"line":69,"column":2},"end":{"line":69,"column":null}},"loc":{"start":{"line":69,"column":2},"end":{"line":74,"column":3}}},"3":{"name":"(anonymous_3)","decl":{"start":{"line":70,"column":32},"end":{"line":70,"column":33}},"loc":{"start":{"line":70,"column":52},"end":{"line":73,"column":5}}},"4":{"name":"(anonymous_4)","decl":{"start":{"line":80,"column":2},"end":{"line":80,"column":9}},"loc":{"start":{"line":80,"column":18},"end":{"line":82,"column":3}}},"5":{"name":"(anonymous_5)","decl":{"start":{"line":88,"column":2},"end":{"line":88,"column":8}},"loc":{"start":{"line":88,"column":21},"end":{"line":90,"column":3}}},"6":{"name":"(anonymous_6)","decl":{"start":{"line":96,"column":2},"end":{"line":96,"column":8}},"loc":{"start":{"line":96,"column":15},"end":{"line":99,"column":3}}}},"branchMap":{"0":{"loc":{"start":{"line":45,"column":2},"end":{"line":45,"column":55}},"type":"default-arg","locations":[{"start":{"line":45,"column":32},"end":{"line":45,"column":55}}]},"1":{"loc":{"start":{"line":47,"column":9},"end":{"line":49,"column":36}},"type":"cond-expr","locations":[{"start":{"line":48,"column":6},"end":{"line":48,"column":43}},{"start":{"line":49,"column":6},"end":{"line":49,"column":36}}]}},"s":{"0":1,"1":3,"2":3,"3":6,"4":3,"5":1,"6":1,"7":2,"8":1,"9":3,"10":3,"11":3,"12":2,"13":1,"14":3,"15":3,"16":1},"f":{"0":3,"1":2,"2":3,"3":3,"4":2,"5":1,"6":3},"b":{"0":[1],"1":[1,1]}}
,"/Users/grinn/dev/libs/simplutils/src/countries/index.ts": {"path":"/Users/grinn/dev/libs/simplutils/src/countries/index.ts","statementMap":{"0":{"start":{"line":1,"column":0},"end":{"line":1,"column":32}},"1":{"start":{"line":3,"column":13},"end":{"line":1972,"column":null}},"2":{"start":{"line":1989,"column":13},"end":{"line":1989,"column":null}},"3":{"start":{"line":1989,"column":47},"end":{"line":1989,"column":78}},"4":{"start":{"line":1999,"column":23},"end":{"line":2001,"column":1}},"5":{"start":{"line":2000,"column":2},"end":{"line":2000,"column":null}},"6":{"start":{"line":2000,"column":29},"end":{"line":2000,"column":61}},"7":{"start":{"line":1999,"column":13},"end":{"line":1999,"column":23}},"8":{"start":{"line":2006,"column":13},"end":{"line":2006,"column":null}},"9":{"start":{"line":2006,"column":48},"end":{"line":2006,"column":79}},"10":{"start":{"line":2011,"column":13},"end":{"line":2017,"column":null}},"11":{"start":{"line":2013,"column":4},"end":{"line":2013,"column":null}},"12":{"start":{"line":2014,"column":4},"end":{"line":2014,"column":null}},"13":{"start":{"line":2037,"column":32},"end":{"line":2050,"column":1}},"14":{"start":{"line":2043,"column":4},"end":{"line":2043,"column":97}},"15":{"start":{"line":2043,"column":54},"end":{"line":2043,"column":86}},"16":{"start":{"line":2044,"column":2},"end":{"line":2047,"column":3}},"17":{"start":{"line":2045,"column":4},"end":{"line":2045,"column":null}},"18":{"start":{"line":2046,"column":4},"end":{"line":2046,"column":null}},"19":{"start":{"line":2048,"column":2},"end":{"line":2049,"column":null}},"20":{"start":{"line":2037,"column":13},"end":{"line":2037,"column":32}},"21":{"start":{"line":2060,"column":25},"end":{"line":2062,"column":1}},"22":{"start":{"line":2061,"column":2},"end":{"line":2061,"column":null}},"23":{"start":{"line":2060,"column":13},"end":{"line":2060,"column":25}},"24":{"start":{"line":2074,"column":40},"end":{"line":2076,"column":1}},"25":{"start":{"line":2075,"column":2},"end":{"line":2075,"column":null}},"26":{"start":{"line":2074,"column":13},"end":{"line":2074,"column":40}},"27":{"start":{"line":2084,"column":13},"end":{"line":2086,"column":null}}},"fnMap":{"0":{"name":"(anonymous_0)","decl":{"start":{"line":1989,"column":42},"end":{"line":1989,"column":43}},"loc":{"start":{"line":1989,"column":47},"end":{"line":1989,"column":78}}},"1":{"name":"(anonymous_1)","decl":{"start":{"line":1999,"column":23},"end":{"line":1999,"column":24}},"loc":{"start":{"line":1999,"column":44},"end":{"line":2001,"column":1}}},"2":{"name":"(anonymous_2)","decl":{"start":{"line":2000,"column":24},"end":{"line":2000,"column":25}},"loc":{"start":{"line":2000,"column":29},"end":{"line":2000,"column":61}}},"3":{"name":"(anonymous_3)","decl":{"start":{"line":2006,"column":43},"end":{"line":2006,"column":44}},"loc":{"start":{"line":2006,"column":48},"end":{"line":2006,"column":79}}},"4":{"name":"(anonymous_4)","decl":{"start":{"line":2012,"column":2},"end":{"line":2012,"column":3}},"loc":{"start":{"line":2012,"column":13},"end":{"line":2015,"column":3}}},"5":{"name":"(anonymous_5)","decl":{"start":{"line":2037,"column":32},"end":{"line":2037,"column":null}},"loc":{"start":{"line":2041,"column":4},"end":{"line":2050,"column":1}}},"6":{"name":"(anonymous_6)","decl":{"start":{"line":2043,"column":49},"end":{"line":2043,"column":50}},"loc":{"start":{"line":2043,"column":54},"end":{"line":2043,"column":86}}},"7":{"name":"(anonymous_7)","decl":{"start":{"line":2060,"column":25},"end":{"line":2060,"column":26}},"loc":{"start":{"line":2060,"column":65},"end":{"line":2062,"column":1}}},"8":{"name":"(anonymous_8)","decl":{"start":{"line":2074,"column":40},"end":{"line":2074,"column":41}},"loc":{"start":{"line":2074,"column":89},"end":{"line":2076,"column":1}}}},"branchMap":{"0":{"loc":{"start":{"line":2000,"column":9},"end":{"line":2000,"column":74}},"type":"binary-expr","locations":[{"start":{"line":2000,"column":9},"end":{"line":2000,"column":68}},{"start":{"line":2000,"column":72},"end":{"line":2000,"column":74}}]},"1":{"loc":{"start":{"line":2043,"column":4},"end":{"line":2043,"column":97}},"type":"cond-expr","locations":[{"start":{"line":2043,"column":34},"end":{"line":2043,"column":87}},{"start":{"line":2043,"column":90},"end":{"line":2043,"column":97}}]},"2":{"loc":{"start":{"line":2044,"column":2},"end":{"line":2047,"column":3}},"type":"if","locations":[{"start":{"line":2044,"column":2},"end":{"line":2047,"column":3}}]},"3":{"loc":{"start":{"line":2048,"column":12},"end":{"line":2048,"column":59}},"type":"cond-expr","locations":[{"start":{"line":2048,"column":32},"end":{"line":2048,"column":54}},{"start":{"line":2048,"column":57},"end":{"line":2048,"column":59}}]},"4":{"loc":{"start":{"line":2048,"column":62},"end":{"line":2048,"column":null}},"type":"cond-expr","locations":[{"start":{"line":2048,"column":78},"end":{"line":2048,"column":94}},{"start":{"line":2048,"column":97},"end":{"line":2048,"column":null}}]}},"s":{"0":1,"1":1,"2":1,"3":246,"4":1,"5":3,"6":419,"7":1,"8":1,"9":246,"10":1,"11":246,"12":246,"13":1,"14":6,"15":945,"16":6,"17":1,"18":1,"19":5,"20":1,"21":1,"22":7,"23":1,"24":1,"25":4,"26":1,"27":1},"f":{"0":246,"1":3,"2":419,"3":246,"4":246,"5":6,"6":945,"7":7,"8":4},"b":{"0":[3,0],"1":[6,0],"2":[1],"3":[1,4],"4":[3,2]}}
,"/Users/grinn/dev/libs/simplutils/src/enums/index.ts": {"path":"/Users/grinn/dev/libs/simplutils/src/enums/index.ts","statementMap":{"0":{"start":{"line":26,"column":26},"end":{"line":30,"column":1}},"1":{"start":{"line":27,"column":15},"end":{"line":27,"column":61}},"2":{"start":{"line":28,"column":2},"end":{"line":28,"column":null}},"3":{"start":{"line":28,"column":36},"end":{"line":28,"column":83}},"4":{"start":{"line":29,"column":2},"end":{"line":29,"column":null}},"5":{"start":{"line":26,"column":13},"end":{"line":26,"column":26}},"6":{"start":{"line":40,"column":24},"end":{"line":42,"column":1}},"7":{"start":{"line":41,"column":2},"end":{"line":41,"column":null}},"8":{"start":{"line":40,"column":13},"end":{"line":40,"column":24}},"9":{"start":{"line":52,"column":26},"end":{"line":54,"column":1}},"10":{"start":{"line":53,"column":2},"end":{"line":53,"column":null}},"11":{"start":{"line":52,"column":13},"end":{"line":52,"column":26}}},"fnMap":{"0":{"name":"(anonymous_0)","decl":{"start":{"line":26,"column":26},"end":{"line":26,"column":50}},"loc":{"start":{"line":26,"column":61},"end":{"line":30,"column":1}}},"1":{"name":"(anonymous_1)","decl":{"start":{"line":28,"column":27},"end":{"line":28,"column":32}},"loc":{"start":{"line":28,"column":36},"end":{"line":28,"column":83}}},"2":{"name":"(anonymous_2)","decl":{"start":{"line":40,"column":24},"end":{"line":40,"column":48}},"loc":{"start":{"line":40,"column":59},"end":{"line":42,"column":1}}},"3":{"name":"(anonymous_3)","decl":{"start":{"line":52,"column":26},"end":{"line":52,"column":50}},"loc":{"start":{"line":52,"column":61},"end":{"line":54,"column":1}}}},"branchMap":{"0":{"loc":{"start":{"line":28,"column":36},"end":{"line":28,"column":83}},"type":"binary-expr","locations":[{"start":{"line":28,"column":36},"end":{"line":28,"column":61}},{"start":{"line":28,"column":65},"end":{"line":28,"column":83}}]}},"s":{"0":1,"1":6,"2":6,"3":27,"4":6,"5":1,"6":1,"7":2,"8":1,"9":1,"10":2,"11":1},"f":{"0":6,"1":27,"2":2,"3":2},"b":{"0":[27,9]}}
,"/Users/grinn/dev/libs/simplutils/src/objects/diff.ts": {"path":"/Users/grinn/dev/libs/simplutils/src/objects/diff.ts","statementMap":{"0":{"start":{"line":1,"column":0},"end":{"line":1,"column":25}},"1":{"start":{"line":2,"column":0},"end":{"line":2,"column":64}},"2":{"start":{"line":16,"column":21},"end":{"line":18,"column":1}},"3":{"start":{"line":17,"column":2},"end":{"line":17,"column":null}},"4":{"start":{"line":33,"column":27},"end":{"line":72,"column":1}},"5":{"start":{"line":34,"column":2},"end":{"line":34,"column":null}},"6":{"start":{"line":34,"column":19},"end":{"line":34,"column":null}},"7":{"start":{"line":35,"column":2},"end":{"line":35,"column":null}},"8":{"start":{"line":35,"column":64},"end":{"line":35,"column":null}},"9":{"start":{"line":36,"column":2},"end":{"line":36,"column":null}},"10":{"start":{"line":36,"column":36},"end":{"line":36,"column":null}},"11":{"start":{"line":37,"column":2},"end":{"line":38,"column":null}},"12":{"start":{"line":38,"column":4},"end":{"line":38,"column":null}},"13":{"start":{"line":39,"column":2},"end":{"line":39,"column":null}},"14":{"start":{"line":39,"column":33},"end":{"line":39,"column":null}},"15":{"start":{"line":40,"column":2},"end":{"line":46,"column":3}},"16":{"start":{"line":41,"column":33},"end":{"line":41,"column":35}},"17":{"start":{"line":42,"column":4},"end":{"line":44,"column":5}},"18":{"start":{"line":42,"column":17},"end":{"line":42,"column":18}},"19":{"start":{"line":43,"column":6},"end":{"line":43,"column":null}},"20":{"start":{"line":45,"column":4},"end":{"line":45,"column":null}},"21":{"start":{"line":47,"column":2},"end":{"line":51,"column":3}},"22":{"start":{"line":48,"column":4},"end":{"line":50,"column":null}},"23":{"start":{"line":53,"column":2},"end":{"line":63,"column":3}},"24":{"start":{"line":54,"column":4},"end":{"line":62,"column":5}},"25":{"start":{"line":55,"column":6},"end":{"line":55,"column":null}},"26":{"start":{"line":57,"column":6},"end":{"line":61,"column":7}},"27":{"start":{"line":58,"column":8},"end":{"line":58,"column":null}},"28":{"start":{"line":60,"column":8},"end":{"line":60,"column":null}},"29":{"start":{"line":64,"column":2},"end":{"line":70,"column":3}},"30":{"start":{"line":65,"column":33},"end":{"line":65,"column":35}},"31":{"start":{"line":66,"column":4},"end":{"line":68,"column":5}},"32":{"start":{"line":67,"column":6},"end":{"line":67,"column":null}},"33":{"start":{"line":69,"column":4},"end":{"line":69,"column":null}},"34":{"start":{"line":71,"column":2},"end":{"line":71,"column":null}},"35":{"start":{"line":33,"column":13},"end":{"line":33,"column":27}},"36":{"start":{"line":84,"column":33},"end":{"line":92,"column":1}},"37":{"start":{"line":85,"column":2},"end":{"line":91,"column":3}},"38":{"start":{"line":86,"column":4},"end":{"line":86,"column":null}},"39":{"start":{"line":87,"column":9},"end":{"line":91,"column":3}},"40":{"start":{"line":88,"column":4},"end":{"line":88,"column":null}},"41":{"start":{"line":88,"column":34},"end":{"line":88,"column":54}},"42":{"start":{"line":90,"column":4},"end":{"line":90,"column":null}},"43":{"start":{"line":90,"column":30},"end":{"line":90,"column":51}},"44":{"start":{"line":84,"column":13},"end":{"line":84,"column":33}},"45":{"start":{"line":104,"column":27},"end":{"line":136,"column":1}},"46":{"start":{"line":105,"column":14},"end":{"line":105,"column":24}},"47":{"start":{"line":106,"column":2},"end":{"line":135,"column":null}},"48":{"start":{"line":107,"column":17},"end":{"line":107,"column":40}},"49":{"start":{"line":108,"column":14},"end":{"line":108,"column":17}},"50":{"start":{"line":109,"column":4},"end":{"line":121,"column":5}},"51":{"start":{"line":109,"column":17},"end":{"line":109,"column":18}},"52":{"start":{"line":110,"column":6},"end":{"line":112,"column":7}},"53":{"start":{"line":111,"column":8},"end":{"line":111,"column":null}},"54":{"start":{"line":113,"column":6},"end":{"line":120,"column":7}},"55":{"start":{"line":114,"column":29},"end":{"line":114,"column":48}},"56":{"start":{"line":115,"column":20},"end":{"line":115,"column":49}},"57":{"start":{"line":116,"column":8},"end":{"line":116,"column":null}},"58":{"start":{"line":117,"column":8},"end":{"line":117,"column":null}},"59":{"start":{"line":119,"column":8},"end":{"line":119,"column":null}},"60":{"start":{"line":122,"column":20},"end":{"line":122,"column":41}},"61":{"start":{"line":123,"column":4},"end":{"line":132,"column":5}},"62":{"start":{"line":124,"column":27},"end":{"line":124,"column":46}},"63":{"start":{"line":125,"column":18},"end":{"line":125,"column":47}},"64":{"start":{"line":126,"column":6},"end":{"line":126,"column":null}},"65":{"start":{"line":127,"column":6},"end":{"line":127,"column":null}},"66":{"start":{"line":128,"column":11},"end":{"line":128,"column":null}},"67":{"start":{"line":130,"column":6},"end":{"line":130,"column":null}},"68":{"start":{"line":131,"column":11},"end":{"line":131,"column":null}},"69":{"start":{"line":134,"column":4},"end":{"line":134,"column":null}},"70":{"start":{"line":104,"column":13},"end":{"line":104,"column":27}},"71":{"start":{"line":148,"column":26},"end":{"line":177,"column":1}},"72":{"start":{"line":149,"column":14},"end":{"line":149,"column":24}},"73":{"start":{"line":150,"column":2},"end":{"line":176,"column":null}},"74":{"start":{"line":151,"column":17},"end":{"line":151,"column":40}},"75":{"start":{"line":152,"column":14},"end":{"line":152,"column":17}},"76":{"start":{"line":153,"column":4},"end":{"line":165,"column":5}},"77":{"start":{"line":153,"column":17},"end":{"line":153,"column":18}},"78":{"start":{"line":154,"column":6},"end":{"line":156,"column":7}},"79":{"start":{"line":155,"column":8},"end":{"line":155,"column":null}},"80":{"start":{"line":157,"column":6},"end":{"line":164,"column":7}},"81":{"start":{"line":158,"column":29},"end":{"line":158,"column":48}},"82":{"start":{"line":159,"column":20},"end":{"line":159,"column":49}},"83":{"start":{"line":160,"column":8},"end":{"line":160,"column":null}},"84":{"start":{"line":161,"column":8},"end":{"line":161,"column":null}},"85":{"start":{"line":163,"column":8},"end":{"line":163,"column":null}},"86":{"start":{"line":166,"column":20},"end":{"line":166,"column":41}},"87":{"start":{"line":167,"column":4},"end":{"line":173,"column":5}},"88":{"start":{"line":168,"column":27},"end":{"line":168,"column":46}},"89":{"start":{"line":169,"column":18},"end":{"line":169,"column":47}},"90":{"start":{"line":170,"column":11},"end":{"line":170,"column":null}},"91":{"start":{"line":172,"column":9},"end":{"line":172,"column":null}},"92":{"start":{"line":175,"column":4},"end":{"line":175,"column":null}},"93":{"start":{"line":148,"column":13},"end":{"line":148,"column":26}}},"fnMap":{"0":{"name":"(anonymous_1)","decl":{"start":{"line":16,"column":21},"end":{"line":16,"column":22}},"loc":{"start":{"line":16,"column":43},"end":{"line":18,"column":1}}},"1":{"name":"(anonymous_2)","decl":{"start":{"line":33,"column":27},"end":{"line":33,"column":28}},"loc":{"start":{"line":33,"column":86},"end":{"line":72,"column":1}}},"2":{"name":"(anonymous_3)","decl":{"start":{"line":84,"column":33},"end":{"line":84,"column":34}},"loc":{"start":{"line":84,"column":80},"end":{"line":92,"column":1}}},"3":{"name":"(anonymous_4)","decl":{"start":{"line":88,"column":23},"end":{"line":88,"column":24}},"loc":{"start":{"line":88,"column":34},"end":{"line":88,"column":54}}},"4":{"name":"(anonymous_5)","decl":{"start":{"line":90,"column":19},"end":{"line":90,"column":20}},"loc":{"start":{"line":90,"column":30},"end":{"line":90,"column":51}}},"5":{"name":"(anonymous_6)","decl":{"start":{"line":104,"column":27},"end":{"line":104,"column":49}},"loc":{"start":{"line":104,"column":83},"end":{"line":136,"column":1}}},"6":{"name":"(anonymous_7)","decl":{"start":{"line":106,"column":21},"end":{"line":106,"column":22}},"loc":{"start":{"line":106,"column":37},"end":{"line":135,"column":3}}},"7":{"name":"(anonymous_8)","decl":{"start":{"line":148,"column":26},"end":{"line":148,"column":48}},"loc":{"start":{"line":148,"column":82},"end":{"line":177,"column":1}}},"8":{"name":"(anonymous_9)","decl":{"start":{"line":150,"column":21},"end":{"line":150,"column":22}},"loc":{"start":{"line":150,"column":37},"end":{"line":176,"column":3}}}},"branchMap":{"0":{"loc":{"start":{"line":17,"column":9},"end":{"line":17,"column":100}},"type":"cond-expr","locations":[{"start":{"line":17,"column":32},"end":{"line":17,"column":50}},{"start":{"line":17,"column":53},"end":{"line":17,"column":100}}]},"1":{"loc":{"start":{"line":17,"column":53},"end":{"line":17,"column":100}},"type":"cond-expr","locations":[{"start":{"line":17,"column":75},"end":{"line":17,"column":93}},{"start":{"line":17,"column":96},"end":{"line":17,"column":100}}]},"2":{"loc":{"start":{"line":33,"column":48},"end":{"line":33,"column":67}},"type":"default-arg","locations":[{"start":{"line":33,"column":65},"end":{"line":33,"column":67}}]},"3":{"loc":{"start":{"line":34,"column":2},"end":{"line":34,"column":null}},"type":"if","locations":[{"start":{"line":34,"column":2},"end":{"line":34,"column":null}}]},"4":{"loc":{"start":{"line":35,"column":2},"end":{"line":35,"column":null}},"type":"if","locations":[{"start":{"line":35,"column":2},"end":{"line":35,"column":null}}]},"5":{"loc":{"start":{"line":35,"column":6},"end":{"line":35,"column":62}},"type":"binary-expr","locations":[{"start":{"line":35,"column":6},"end":{"line":35,"column":32}},{"start":{"line":35,"column":36},"end":{"line":35,"column":62}}]},"6":{"loc":{"start":{"line":36,"column":2},"end":{"line":36,"column":null}},"type":"if","locations":[{"start":{"line":36,"column":2},"end":{"line":36,"column":null}}]},"7":{"loc":{"start":{"line":36,"column":6},"end":{"line":36,"column":34}},"type":"binary-expr","locations":[{"start":{"line":36,"column":6},"end":{"line":36,"column":18}},{"start":{"line":36,"column":22},"end":{"line":36,"column":34}}]},"8":{"loc":{"start":{"line":37,"column":2},"end":{"line":38,"column":null}},"type":"if","locations":[{"start":{"line":37,"column":2},"end":{"line":38,"column":null}}]},"9":{"loc":{"start":{"line":37,"column":6},"end":{"line":37,"column":94}},"type":"binary-expr","locations":[{"start":{"line":37,"column":6},"end":{"line":37,"column":18}},{"start":{"line":37,"column":22},"end":{"line":37,"column":48}},{"start":{"line":37,"column":52},"end":{"line":37,"column":64}},{"start":{"line":37,"column":68},"end":{"line":37,"column":94}}]},"10":{"loc":{"start":{"line":39,"column":2},"end":{"line":39,"column":null}},"type":"if","locations":[{"start":{"line":39,"column":2},"end":{"line":39,"column":null}}]},"11":{"loc":{"start":{"line":40,"column":2},"end":{"line":46,"column":3}},"type":"if","locations":[{"start":{"line":40,"column":2},"end":{"line":46,"column":3}}]},"12":{"loc":{"start":{"line":40,"column":6},"end":{"line":40,"column":46}},"type":"binary-expr","locations":[{"start":{"line":40,"column":6},"end":{"line":40,"column":24}},{"start":{"line":40,"column":28},"end":{"line":40,"column":46}}]},"13":{"loc":{"start":{"line":43,"column":60},"end":{"line":43,"column":97}},"type":"cond-expr","locations":[{"start":{"line":43,"column":69},"end":{"line":43,"column":86}},{"start":{"line":43,"column":89},"end":{"line":43,"column":97}}]},"14":{"loc":{"start":{"line":47,"column":2},"end":{"line":51,"column":3}},"type":"if","locations":[{"start":{"line":47,"column":2},"end":{"line":51,"column":3}}]},"15":{"loc":{"start":{"line":47,"column":6},"end":{"line":47,"column":92}},"type":"binary-expr","locations":[{"start":{"line":47,"column":6},"end":{"line":47,"column":24}},{"start":{"line":47,"column":28},"end":{"line":47,"column":46}},{"start":{"line":47,"column":50},"end":{"line":47,"column":69}},{"start":{"line":47,"column":73},"end":{"line":47,"column":92}}]},"16":{"loc":{"start":{"line":48,"column":11},"end":{"line":50,"column":85}},"type":"cond-expr","locations":[{"start":{"line":49,"column":8},"end":{"line":49,"column":10}},{"start":{"line":50,"column":8},"end":{"line":50,"column":85}}]},"17":{"loc":{"start":{"line":53,"column":2},"end":{"line":63,"column":3}},"type":"if","locations":[{"start":{"line":53,"column":2},"end":{"line":63,"column":3}}]},"18":{"loc":{"start":{"line":53,"column":6},"end":{"line":53,"column":60}},"type":"binary-expr","locations":[{"start":{"line":53,"column":6},"end":{"line":53,"column":31}},{"start":{"line":53,"column":35},"end":{"line":53,"column":60}}]},"19":{"loc":{"start":{"line":54,"column":4},"end":{"line":62,"column":5}},"type":"if","locations":[{"start":{"line":54,"column":4},"end":{"line":62,"column":5}},{"start":{"line":56,"column":11},"end":{"line":62,"column":5}}]},"20":{"loc":{"start":{"line":57,"column":6},"end":{"line":61,"column":7}},"type":"if","locations":[{"start":{"line":57,"column":6},"end":{"line":61,"column":7}},{"start":{"line":59,"column":13},"end":{"line":61,"column":7}}]},"21":{"loc":{"start":{"line":57,"column":10},"end":{"line":57,"column":78}},"type":"binary-expr","locations":[{"start":{"line":57,"column":11},"end":{"line":57,"column":21}},{"start":{"line":57,"column":25},"end":{"line":57,"column":40}},{"start":{"line":57,"column":45},"end":{"line":57,"column":78}}]},"22":{"loc":{"start":{"line":64,"column":2},"end":{"line":70,"column":3}},"type":"if","locations":[{"start":{"line":64,"column":2},"end":{"line":70,"column":3}}]},"23":{"loc":{"start":{"line":64,"column":6},"end":{"line":64,"column":56}},"type":"binary-expr","locations":[{"start":{"line":64,"column":6},"end":{"line":64,"column":29}},{"start":{"line":64,"column":33},"end":{"line":64,"column":56}}]},"24":{"loc":{"start":{"line":67,"column":64},"end":{"line":67,"column":97}},"type":"cond-expr","locations":[{"start":{"line":67,"column":73},"end":{"line":67,"column":91}},{"start":{"line":67,"column":94},"end":{"line":67,"column":97}}]},"25":{"loc":{"start":{"line":85,"column":2},"end":{"line":91,"column":3}},"type":"if","locations":[{"start":{"line":85,"column":2},"end":{"line":91,"column":3}},{"start":{"line":87,"column":9},"end":{"line":91,"column":3}}]},"26":{"loc":{"start":{"line":85,"column":6},"end":{"line":85,"column":55}},"type":"binary-expr","locations":[{"start":{"line":85,"column":6},"end":{"line":85,"column":23}},{"start":{"line":85,"column":27},"end":{"line":85,"column":55}}]},"27":{"loc":{"start":{"line":87,"column":9},"end":{"line":91,"column":3}},"type":"if","locations":[{"start":{"line":87,"column":9},"end":{"line":91,"column":3}},{"start":{"line":89,"column":9},"end":{"line":91,"column":3}}]},"28":{"loc":{"start":{"line":88,"column":34},"end":{"line":88,"column":54}},"type":"cond-expr","locations":[{"start":{"line":88,"column":46},"end":{"line":88,"column":48}},{"start":{"line":88,"column":51},"end":{"line":88,"column":54}}]},"29":{"loc":{"start":{"line":90,"column":30},"end":{"line":90,"column":51}},"type":"cond-expr","locations":[{"start":{"line":90,"column":42},"end":{"line":90,"column":47}},{"start":{"line":90,"column":50},"end":{"line":90,"column":51}}]},"30":{"loc":{"start":{"line":110,"column":6},"end":{"line":112,"column":7}},"type":"if","locations":[{"start":{"line":110,"column":6},"end":{"line":112,"column":7}}]},"31":{"loc":{"start":{"line":113,"column":6},"end":{"line":120,"column":7}},"type":"if","locations":[{"start":{"line":113,"column":6},"end":{"line":120,"column":7}},{"start":{"line":118,"column":13},"end":{"line":120,"column":7}}]},"32":{"loc":{"start":{"line":123,"column":4},"end":{"line":132,"column":5}},"type":"if","locations":[{"start":{"line":123,"column":4},"end":{"line":132,"column":5}},{"start":{"line":129,"column":11},"end":{"line":132,"column":5}}]},"33":{"loc":{"start":{"line":154,"column":6},"end":{"line":156,"column":7}},"type":"if","locations":[{"start":{"line":154,"column":6},"end":{"line":156,"column":7}}]},"34":{"loc":{"start":{"line":157,"column":6},"end":{"line":164,"column":7}},"type":"if","locations":[{"start":{"line":157,"column":6},"end":{"line":164,"column":7}},{"start":{"line":162,"column":13},"end":{"line":164,"column":7}}]},"35":{"loc":{"start":{"line":167,"column":4},"end":{"line":173,"column":5}},"type":"if","locations":[{"start":{"line":167,"column":4},"end":{"line":173,"column":5}},{"start":{"line":171,"column":11},"end":{"line":173,"column":5}}]}},"s":{"0":3,"1":3,"2":3,"3":0,"4":3,"5":23,"6":6,"7":17,"8":0,"9":17,"10":0,"11":17,"12":4,"13":13,"14":0,"15":13,"16":1,"17":1,"18":1,"19":3,"20":1,"21":12,"22":0,"23":12,"24":0,"25":0,"26":0,"27":0,"28":0,"29":12,"30":9,"31":9,"32":12,"33":9,"34":3,"35":3,"36":3,"37":3,"38":1,"39":2,"40":1,"41":3,"42":1,"43":3,"44":3,"45":3,"46":0,"47":0,"48":0,"49":0,"50":0,"51":0,"52":0,"53":0,"54":0,"55":0,"56":0,"57":0,"58":0,"59":0,"60":0,"61":0,"62":0,"63":0,"64":0,"65":0,"66":0,"67":0,"68":0,"69":0,"70":3,"71":3,"72":2,"73":2,"74":2,"75":2,"76":2,"77":2,"78":1,"79":0,"80":1,"81":0,"82":0,"83":0,"84":0,"85":1,"86":2,"87":2,"88":0,"89":0,"90":0,"91":2,"92":2,"93":3},"f":{"0":0,"1":23,"2":3,"3":3,"4":3,"5":0,"6":0,"7":2,"8":2},"b":{"0":[0,0],"1":[0,0],"2":[8],"3":[6],"4":[0],"5":[17,1],"6":[0],"7":[17,1],"8":[4],"9":[17,16,15,14],"10":[0],"11":[1],"12":[13,1],"13":[3,0],"14":[0],"15":[12,12,12,12],"16":[0,0],"17":[0],"18":[12,0],"19":[0,0],"20":[0,0],"21":[0,0,0],"22":[9],"23":[12,9],"24":[1,11],"25":[1,2],"26":[3,1],"27":[1,1],"28":[1,2],"29":[1,2],"30":[0],"31":[0,0],"32":[0,0],"33":[0],"34":[0,1],"35":[0,2]}}
,"/Users/grinn/dev/libs/simplutils/src/objects/index.ts": {"path":"/Users/grinn/dev/libs/simplutils/src/objects/index.ts","statementMap":{"0":{"start":{"line":1,"column":0},"end":{"line":1,"column":22}},"1":{"start":{"line":2,"column":0},"end":{"line":2,"column":28}},"2":{"start":{"line":3,"column":0},"end":{"line":3,"column":37}},"3":{"start":{"line":4,"column":0},"end":{"line":4,"column":30}}},"fnMap":{},"branchMap":{},"s":{"0":2,"1":2,"2":2,"3":2},"f":{},"b":{}}
,"/Users/grinn/dev/libs/simplutils/src/objects/json-utils.ts": {"path":"/Users/grinn/dev/libs/simplutils/src/objects/json-utils.ts","statementMap":{"0":{"start":{"line":10,"column":0},"end":{"line":10,"column":16}},"1":{"start":{"line":28,"column":0},"end":{"line":28,"column":16}},"2":{"start":{"line":11,"column":2},"end":{"line":15,"column":3}},"3":{"start":{"line":12,"column":4},"end":{"line":12,"column":null}},"4":{"start":{"line":14,"column":4},"end":{"line":14,"column":null}},"5":{"start":{"line":16,"column":2},"end":{"line":16,"column":null}},"6":{"start":{"line":29,"column":2},"end":{"line":33,"column":3}},"7":{"start":{"line":30,"column":4},"end":{"line":30,"column":null}},"8":{"start":{"line":32,"column":4},"end":{"line":32,"column":null}}},"fnMap":{"0":{"name":"isJson","decl":{"start":{"line":10,"column":16},"end":{"line":10,"column":22}},"loc":{"start":{"line":10,"column":34},"end":{"line":17,"column":1}}},"1":{"name":"parseJson","decl":{"start":{"line":28,"column":16},"end":{"line":28,"column":25}},"loc":{"start":{"line":28,"column":56},"end":{"line":34,"column":1}}}},"branchMap":{},"s":{"0":3,"1":3,"2":9,"3":9,"4":3,"5":6,"6":4,"7":4,"8":2},"f":{"0":9,"1":4},"b":{}}
,"/Users/grinn/dev/libs/simplutils/src/objects/object-manipulation.ts": {"path":"/Users/grinn/dev/libs/simplutils/src/objects/object-manipulation.ts","statementMap":{"0":{"start":{"line":1,"column":0},"end":{"line":1,"column":83}},"1":{"start":{"line":93,"column":21},"end":{"line":120,"column":1}},"2":{"start":{"line":102,"column":28},"end":{"line":102,"column":66}},"3":{"start":{"line":103,"column":2},"end":{"line":119,"column":3}},"4":{"start":{"line":104,"column":19},"end":{"line":108,"column":null}},"5":{"start":{"line":109,"column":4},"end":{"line":109,"column":null}},"6":{"start":{"line":111,"column":4},"end":{"line":113,"column":5}},"7":{"start":{"line":112,"column":6},"end":{"line":112,"column":null}},"8":{"start":{"line":114,"column":19},"end":{"line":117,"column":null}},"9":{"start":{"line":118,"column":4},"end":{"line":118,"column":null}},"10":{"start":{"line":93,"column":13},"end":{"line":93,"column":21}},"11":{"start":{"line":132,"column":28},"end":{"line":142,"column":1}},"12":{"start":{"line":141,"column":2},"end":{"line":141,"column":null}},"13":{"start":{"line":141,"column":19},"end":{"line":141,"column":42}},"14":{"start":{"line":132,"column":13},"end":{"line":132,"column":28}},"15":{"start":{"line":173,"column":29},"end":{"line":184,"column":1}},"16":{"start":{"line":177,"column":2},"end":{"line":183,"column":null}},"17":{"start":{"line":179,"column":6},"end":{"line":181,"column":33}},"18":{"start":{"line":173,"column":13},"end":{"line":173,"column":29}},"19":{"start":{"line":204,"column":19},"end":{"line":213,"column":1}},"20":{"start":{"line":208,"column":17},"end":{"line":211,"column":81}},"21":{"start":{"line":211,"column":25},"end":{"line":211,"column":53}},"22":{"start":{"line":212,"column":2},"end":{"line":212,"column":null}},"23":{"start":{"line":226,"column":27},"end":{"line":234,"column":1}},"24":{"start":{"line":230,"column":2},"end":{"line":233,"column":null}},"25":{"start":{"line":231,"column":17},"end":{"line":231,"column":95}},"26":{"start":{"line":226,"column":13},"end":{"line":226,"column":27}},"27":{"start":{"line":245,"column":26},"end":{"line":250,"column":1}},"28":{"start":{"line":249,"column":2},"end":{"line":249,"column":null}},"29":{"start":{"line":249,"column":16},"end":{"line":249,"column":39}},"30":{"start":{"line":245,"column":13},"end":{"line":245,"column":26}}},"fnMap":{"0":{"name":"(anonymous_0)","decl":{"start":{"line":93,"column":21},"end":{"line":93,"column":null}},"loc":{"start":{"line":101,"column":28},"end":{"line":120,"column":1}}},"1":{"name":"(anonymous_1)","decl":{"start":{"line":132,"column":28},"end":{"line":132,"column":null}},"loc":{"start":{"line":140,"column":40},"end":{"line":142,"column":1}}},"2":{"name":"(anonymous_2)","decl":{"start":{"line":141,"column":9},"end":{"line":141,"column":10}},"loc":{"start":{"line":141,"column":19},"end":{"line":141,"column":42}}},"3":{"name":"(anonymous_3)","decl":{"start":{"line":173,"column":29},"end":{"line":173,"column":null}},"loc":{"start":{"line":176,"column":18},"end":{"line":184,"column":1}}},"4":{"name":"(anonymous_4)","decl":{"start":{"line":178,"column":4},"end":{"line":178,"column":5}},"loc":{"start":{"line":179,"column":6},"end":{"line":181,"column":33}}},"5":{"name":"(anonymous_5)","decl":{"start":{"line":204,"column":19},"end":{"line":204,"column":null}},"loc":{"start":{"line":207,"column":24},"end":{"line":213,"column":1}}},"6":{"name":"(anonymous_6)","decl":{"start":{"line":211,"column":12},"end":{"line":211,"column":13}},"loc":{"start":{"line":211,"column":25},"end":{"line":211,"column":53}}},"7":{"name":"(anonymous_7)","decl":{"start":{"line":226,"column":27},"end":{"line":226,"column":null}},"loc":{"start":{"line":229,"column":28},"end":{"line":234,"column":1}}},"8":{"name":"(anonymous_8)","decl":{"start":{"line":231,"column":4},"end":{"line":231,"column":5}},"loc":{"start":{"line":231,"column":17},"end":{"line":231,"column":95}}},"9":{"name":"(anonymous_9)","decl":{"start":{"line":245,"column":26},"end":{"line":245,"column":null}},"loc":{"start":{"line":248,"column":42},"end":{"line":250,"column":1}}},"10":{"name":"(anonymous_10)","decl":{"start":{"line":249,"column":9},"end":{"line":249,"column":12}},"loc":{"start":{"line":249,"column":16},"end":{"line":249,"column":39}}}},"branchMap":{"0":{"loc":{"start":{"line":103,"column":2},"end":{"line":119,"column":3}},"type":"if","locations":[{"start":{"line":103,"column":2},"end":{"line":119,"column":3}},{"start":{"line":110,"column":9},"end":{"line":119,"column":3}}]},"1":{"loc":{"start":{"line":107,"column":8},"end":{"line":107,"column":98}},"type":"cond-expr","locations":[{"start":{"line":107,"column":40},"end":{"line":107,"column":81}},{"start":{"line":107,"column":85},"end":{"line":107,"column":98}}]},"2":{"loc":{"start":{"line":111,"column":4},"end":{"line":113,"column":5}},"type":"if","locations":[{"start":{"line":111,"column":4},"end":{"line":113,"column":5}}]},"3":{"loc":{"start":{"line":179,"column":6},"end":{"line":181,"column":33}},"type":"cond-expr","locations":[{"start":{"line":180,"column":10},"end":{"line":180,"column":68}},{"start":{"line":181,"column":10},"end":{"line":181,"column":33}}]},"4":{"loc":{"start":{"line":211,"column":25},"end":{"line":211,"column":53}},"type":"binary-expr","locations":[{"start":{"line":211,"column":25},"end":{"line":211,"column":39}},{"start":{"line":211,"column":44},"end":{"line":211,"column":53}}]}},"s":{"0":3,"1":3,"2":6,"3":6,"4":4,"5":4,"6":2,"7":0,"8":2,"9":2,"10":3,"11":3,"12":0,"13":0,"14":3,"15":3,"16":5,"17":6,"18":3,"19":3,"20":3,"21":6,"22":3,"23":3,"24":2,"25":3,"26":3,"27":3,"28":0,"29":0,"30":3},"f":{"0":6,"1":0,"2":0,"3":5,"4":6,"5":3,"6":6,"7":2,"8":3,"9":0,"10":0},"b":{"0":[4,2],"1":[1,3],"2":[0],"3":[3,3],"4":[6,0]}}
,"/Users/grinn/dev/libs/simplutils/src/objects/object-utils.ts": {"path":"/Users/grinn/dev/libs/simplutils/src/objects/object-utils.ts","statementMap":{"0":{"start":{"line":318,"column":0},"end":{"line":318,"column":16}},"1":{"start":{"line":333,"column":0},"end":{"line":333,"column":16}},"2":{"start":{"line":356,"column":0},"end":{"line":356,"column":16}},"3":{"start":{"line":381,"column":0},"end":{"line":381,"column":16}},"4":{"start":{"line":1,"column":0},"end":{"line":1,"column":7}},"5":{"start":{"line":325,"column":9},"end":{"line":1,"column":41}},"6":{"start":{"line":24,"column":32},"end":{"line":26,"column":1}},"7":{"start":{"line":25,"column":2},"end":{"line":25,"column":null}},"8":{"start":{"line":24,"column":13},"end":{"line":24,"column":32}},"9":{"start":{"line":34,"column":23},"end":{"line":39,"column":1}},"10":{"start":{"line":35,"column":2},"end":{"line":38,"column":null}},"11":{"start":{"line":36,"column":22},"end":{"line":36,"column":44}},"12":{"start":{"line":34,"column":13},"end":{"line":34,"column":23}},"13":{"start":{"line":65,"column":26},"end":{"line":70,"column":1}},"14":{"start":{"line":69,"column":2},"end":{"line":69,"column":null}},"15":{"start":{"line":69,"column":27},"end":{"line":69,"column":42}},"16":{"start":{"line":65,"column":13},"end":{"line":65,"column":26}},"17":{"start":{"line":90,"column":36},"end":{"line":101,"column":1}},"18":{"start":{"line":97,"column":2},"end":{"line":100,"column":null}},"19":{"start":{"line":98,"column":22},"end":{"line":98,"column":92}},"20":{"start":{"line":90,"column":13},"end":{"line":90,"column":36}},"21":{"start":{"line":115,"column":29},"end":{"line":120,"column":1}},"22":{"start":{"line":116,"column":2},"end":{"line":119,"column":null}},"23":{"start":{"line":117,"column":22},"end":{"line":117,"column":60}},"24":{"start":{"line":115,"column":13},"end":{"line":115,"column":29}},"25":{"start":{"line":132,"column":29},"end":{"line":137,"column":1}},"26":{"start":{"line":133,"column":2},"end":{"line":136,"column":null}},"27":{"start":{"line":134,"column":22},"end":{"line":134,"column":60}},"28":{"start":{"line":132,"column":13},"end":{"line":132,"column":29}},"29":{"start":{"line":144,"column":20},"end":{"line":158,"column":1}},"30":{"start":{"line":148,"column":2},"end":{"line":157,"column":null}},"31":{"start":{"line":150,"column":6},"end":{"line":155,"column":null}},"32":{"start":{"line":144,"column":13},"end":{"line":144,"column":20}},"33":{"start":{"line":165,"column":20},"end":{"line":179,"column":1}},"34":{"start":{"line":169,"column":2},"end":{"line":178,"column":null}},"35":{"start":{"line":171,"column":6},"end":{"line":176,"column":13}},"36":{"start":{"line":165,"column":13},"end":{"line":165,"column":20}},"37":{"start":{"line":194,"column":27},"end":{"line":199,"column":1}},"38":{"start":{"line":198,"column":2},"end":{"line":198,"column":null}},"39":{"start":{"line":198,"column":23},"end":{"line":198,"column":29}},"40":{"start":{"line":194,"column":13},"end":{"line":194,"column":27}},"41":{"start":{"line":207,"column":25},"end":{"line":215,"column":1}},"42":{"start":{"line":211,"column":2},"end":{"line":214,"column":null}},"43":{"start":{"line":212,"column":29},"end":{"line":212,"column":61}},"44":{"start":{"line":207,"column":13},"end":{"line":207,"column":25}},"45":{"start":{"line":223,"column":23},"end":{"line":238,"column":1}},"46":{"start":{"line":227,"column":2},"end":{"line":237,"column":null}},"47":{"start":{"line":229,"column":16},"end":{"line":229,"column":21}},"48":{"start":{"line":230,"column":6},"end":{"line":230,"column":null}},"49":{"start":{"line":230,"column":14},"end":{"line":230,"column":null}},"50":{"start":{"line":231,"column":6},"end":{"line":234,"column":null}},"51":{"start":{"line":223,"column":13},"end":{"line":223,"column":23}},"52":{"start":{"line":246,"column":26},"end":{"line":257,"column":1}},"53":{"start":{"line":250,"column":2},"end":{"line":256,"column":null}},"54":{"start":{"line":251,"column":17},"end":{"line":254,"column":6}},"55":{"start":{"line":246,"column":13},"end":{"line":246,"column":26}},"56":{"start":{"line":265,"column":25},"end":{"line":276,"column":1}},"57":{"start":{"line":269,"column":2},"end":{"line":275,"column":null}},"58":{"start":{"line":270,"column":17},"end":{"line":273,"column":6}},"59":{"start":{"line":265,"column":13},"end":{"line":265,"column":25}},"60":{"start":{"line":288,"column":2},"end":{"line":294,"column":5}},"61":{"start":{"line":289,"column":4},"end":{"line":294,"column":5}},"62":{"start":{"line":290,"column":6},"end":{"line":293,"column":null}},"63":{"start":{"line":291,"column":26},"end":{"line":291,"column":74}},"64":{"start":{"line":287,"column":13},"end":{"line":287,"column":null}},"65":{"start":{"line":309,"column":26},"end":{"line":311,"column":1}},"66":{"start":{"line":310,"column":2},"end":{"line":310,"column":null}},"67":{"start":{"line":310,"column":54},"end":{"line":310,"column":72}},"68":{"start":{"line":309,"column":13},"end":{"line":309,"column":26}},"69":{"start":{"line":319,"column":2},"end":{"line":322,"column":null}},"70":{"start":{"line":320,"column":22},"end":{"line":320,"column":87}},"71":{"start":{"line":338,"column":2},"end":{"line":343,"column":3}},"72":{"start":{"line":339,"column":4},"end":{"line":339,"column":null}},"73":{"start":{"line":341,"column":21},"end":{"line":341,"column":38}},"74":{"start":{"line":342,"column":4},"end":{"line":342,"column":null}},"75":{"start":{"line":347,"column":2},"end":{"line":347,"column":null}},"76":{"start":{"line":357,"column":2},"end":{"line":359,"column":3}},"77":{"start":{"line":358,"column":4},"end":{"line":358,"column":null}},"78":{"start":{"line":360,"column":2},"end":{"line":372,"column":3}},"79":{"start":{"line":360,"column":15},"end":{"line":360,"column":16}},"80":{"start":{"line":361,"column":4},"end":{"line":371,"column":5}},"81":{"start":{"line":362,"column":6},"end":{"line":364,"column":7}},"82":{"start":{"line":363,"column":8},"end":{"line":363,"column":null}},"83":{"start":{"line":365,"column":11},"end":{"line":371,"column":5}},"84":{"start":{"line":366,"column":6},"end":{"line":368,"column":7}},"85":{"start":{"line":367,"column":8},"end":{"line":367,"column":null}},"86":{"start":{"line":369,"column":11},"end":{"line":371,"column":5}},"87":{"start":{"line":370,"column":6},"end":{"line":370,"column":null}},"88":{"start":{"line":373,"column":2},"end":{"line":373,"column":null}},"89":{"start":{"line":382,"column":2},"end":{"line":382,"column":null}},"90":{"start":{"line":398,"column":26},"end":{"line":418,"column":1}},"91":{"start":{"line":403,"column":2},"end":{"line":416,"column":3}},"92":{"start":{"line":404,"column":4},"end":{"line":404,"column":null}},"93":{"start":{"line":405,"column":9},"end":{"line":416,"column":3}},"94":{"start":{"line":406,"column":4},"end":{"line":406,"column":null}},"95":{"start":{"line":406,"column":24},"end":{"line":406,"column":57}},"96":{"start":{"line":407,"column":9},"end":{"line":416,"column":3}},"97":{"start":{"line":407,"column":40},"end":{"line":407,"column":null}},"98":{"start":{"line":408,"column":7},"end":{"line":416,"column":3}},"99":{"start":{"line":409,"column":4},"end":{"line":415,"column":null}},"100":{"start":{"line":410,"column":30},"end":{"line":413,"column":8}},"101":{"start":{"line":417,"column":2},"end":{"line":417,"column":null}},"102":{"start":{"line":398,"column":13},"end":{"line":398,"column":26}}},"fnMap":{"0":{"name":"(anonymous_1)","decl":{"start":{"line":24,"column":32},"end":{"line":24,"column":33}},"loc":{"start":{"line":24,"column":60},"end":{"line":26,"column":1}}},"1":{"name":"(anonymous_2)","decl":{"start":{"line":34,"column":23},"end":{"line":34,"column":27}},"loc":{"start":{"line":34,"column":80},"end":{"line":39,"column":1}}},"2":{"name":"(anonymous_3)","decl":{"start":{"line":36,"column":4},"end":{"line":36,"column":5}},"loc":{"start":{"line":36,"column":22},"end":{"line":36,"column":44}}},"3":{"name":"(anonymous_4)","decl":{"start":{"line":65,"column":26},"end":{"line":65,"column":null}},"loc":{"start":{"line":68,"column":26},"end":{"line":70,"column":1}}},"4":{"name":"(anonymous_5)","decl":{"start":{"line":69,"column":22},"end":{"line":69,"column":23}},"loc":{"start":{"line":69,"column":27},"end":{"line":69,"column":42}}},"5":{"name":"(anonymous_6)","decl":{"start":{"line":90,"column":36},"end":{"line":90,"column":null}},"loc":{"start":{"line":96,"column":29},"end":{"line":101,"column":1}}},"6":{"name":"(anonymous_7)","decl":{"start":{"line":98,"column":4},"end":{"line":98,"column":5}},"loc":{"start":{"line":98,"column":22},"end":{"line":98,"column":92}}},"7":{"name":"(anonymous_8)","decl":{"start":{"line":115,"column":29},"end":{"line":115,"column":61}},"loc":{"start":{"line":115,"column":87},"end":{"line":120,"column":1}}},"8":{"name":"(anonymous_9)","decl":{"start":{"line":117,"column":4},"end":{"line":117,"column":5}},"loc":{"start":{"line":117,"column":22},"end":{"line":117,"column":60}}},"9":{"name":"(anonymous_10)","decl":{"start":{"line":132,"column":29},"end":{"line":132,"column":61}},"loc":{"start":{"line":132,"column":87},"end":{"line":137,"column":1}}},"10":{"name":"(anonymous_11)","decl":{"start":{"line":134,"column":4},"end":{"line":134,"column":5}},"loc":{"start":{"line":134,"column":22},"end":{"line":134,"column":60}}},"11":{"name":"(anonymous_12)","decl":{"start":{"line":144,"column":20},"end":{"line":144,"column":null}},"loc":{"start":{"line":147,"column":16},"end":{"line":158,"column":1}}},"12":{"name":"(anonymous_13)","decl":{"start":{"line":149,"column":4},"end":{"line":149,"column":5}},"loc":{"start":{"line":150,"column":6},"end":{"line":155,"column":null}}},"13":{"name":"(anonymous_14)","decl":{"start":{"line":165,"column":20},"end":{"line":165,"column":null}},"loc":{"start":{"line":168,"column":16},"end":{"line":179,"column":1}}},"14":{"name":"(anonymous_15)","decl":{"start":{"line":170,"column":4},"end":{"line":170,"column":5}},"loc":{"start":{"line":171,"column":6},"end":{"line":176,"column":13}}},"15":{"name":"(anonymous_16)","decl":{"start":{"line":194,"column":27},"end":{"line":194,"column":null}},"loc":{"start":{"line":197,"column":23},"end":{"line":199,"column":1}}},"16":{"name":"(anonymous_17)","decl":{"start":{"line":198,"column":18},"end":{"line":198,"column":19}},"loc":{"start":{"line":198,"column":23},"end":{"line":198,"column":29}}},"17":{"name":"(anonymous_18)","decl":{"start":{"line":207,"column":25},"end":{"line":207,"column":null}},"loc":{"start":{"line":210,"column":4},"end":{"line":215,"column":1}}},"18":{"name":"(anonymous_19)","decl":{"start":{"line":212,"column":4},"end":{"line":212,"column":5}},"loc":{"start":{"line":212,"column":29},"end":{"line":212,"column":61}}},"19":{"name":"(anonymous_20)","decl":{"start":{"line":223,"column":23},"end":{"line":223,"column":null}},"loc":{"start":{"line":226,"column":25},"end":{"line":238,"column":1}}},"20":{"name":"(anonymous_21)","decl":{"start":{"line":228,"column":4},"end":{"line":228,"column":5}},"loc":{"start":{"line":228,"column":15},"end":{"line":235,"column":5}}},"21":{"name":"(anonymous_22)","decl":{"start":{"line":246,"column":26},"end":{"line":246,"column":null}},"loc":{"start":{"line":249,"column":23},"end":{"line":257,"column":1}}},"22":{"name":"(anonymous_23)","decl":{"start":{"line":251,"column":4},"end":{"line":251,"column":5}},"loc":{"start":{"line":251,"column":17},"end":{"line":254,"column":6}}},"23":{"name":"(anonymous_24)","decl":{"start":{"line":265,"column":25},"end":{"line":265,"column":null}},"loc":{"start":{"line":268,"column":21},"end":{"line":276,"column":1}}},"24":{"name":"(anonymous_25)","decl":{"start":{"line":270,"column":4},"end":{"line":270,"column":5}},"loc":{"start":{"line":270,"column":17},"end":{"line":273,"column":6}}},"25":{"name":"(anonymous_26)","decl":{"start":{"line":288,"column":2},"end":{"line":288,"column":43}},"loc":{"start":{"line":289,"column":4},"end":{"line":294,"column":5}}},"26":{"name":"(anonymous_27)","decl":{"start":{"line":289,"column":4},"end":{"line":289,"column":5}},"loc":{"start":{"line":289,"column":27},"end":{"line":294,"colu
[...]
,"/Users/grinn/dev/libs/simplutils/src/try/index.ts": {"path":"/Users/grinn/dev/libs/simplutils/src/try/index.ts","statementMap":{"0":{"start":{"line":16,"column":21},"end":{"line":27,"column":1}},"1":{"start":{"line":17,"column":2},"end":{"line":26,"column":3}},"2":{"start":{"line":18,"column":16},"end":{"line":18,"column":20}},"3":{"start":{"line":19,"column":4},"end":{"line":21,"column":5}},"4":{"start":{"line":20,"column":6},"end":{"line":20,"column":null}},"5":{"start":{"line":20,"column":29},"end":{"line":20,"column":41}},"6":{"start":{"line":22,"column":4},"end":{"line":22,"column":null}},"7":{"start":{"line":24,"column":4},"end":{"line":24,"column":null}},"8":{"start":{"line":25,"column":4},"end":{"line":25,"column":null}},"9":{"start":{"line":16,"column":13},"end":{"line":16,"column":21}},"10":{"start":{"line":43,"column":25},"end":{"line":45,"column":1}},"11":{"start":{"line":44,"column":2},"end":{"line":44,"column":null}},"12":{"start":{"line":43,"column":13},"end":{"line":43,"column":25}},"13":{"start":{"line":56,"column":29},"end":{"line":62,"column":1}},"14":{"start":{"line":57,"column":2},"end":{"line":61,"column":3}},"15":{"start":{"line":58,"column":4},"end":{"line":58,"column":null}},"16":{"start":{"line":60,"column":4},"end":{"line":60,"column":null}},"17":{"start":{"line":56,"column":13},"end":{"line":56,"column":29}},"18":{"start":{"line":92,"column":23},"end":{"line":100,"column":1}},"19":{"start":{"line":93,"column":2},"end":{"line":99,"column":3}},"20":{"start":{"line":94,"column":4},"end":{"line":94,"column":null}},"21":{"start":{"line":96,"column":4},"end":{"line":96,"column":null}},"22":{"start":{"line":98,"column":4},"end":{"line":98,"column":null}},"23":{"start":{"line":92,"column":13},"end":{"line":92,"column":23}}},"fnMap":{"0":{"name":"(anonymous_0)","decl":{"start":{"line":16,"column":21},"end":{"line":16,"column":25}},"loc":{"start":{"line":16,"column":77},"end":{"line":27,"column":1}}},"1":{"name":"(anonymous_1)","decl":{"start":{"line":20,"column":23},"end":{"line":20,"column":26}},"loc":{"start":{"line":20,"column":29},"end":{"line":20,"column":41}}},"2":{"name":"(anonymous_2)","decl":{"start":{"line":43,"column":25},"end":{"line":43,"column":29}},"loc":{"start":{"line":43,"column":64},"end":{"line":45,"column":1}}},"3":{"name":"(anonymous_3)","decl":{"start":{"line":56,"column":29},"end":{"line":56,"column":34}},"loc":{"start":{"line":56,"column":63},"end":{"line":62,"column":1}}},"4":{"name":"(anonymous_4)","decl":{"start":{"line":92,"column":23},"end":{"line":92,"column":27}},"loc":{"start":{"line":92,"column":68},"end":{"line":100,"column":1}}}},"branchMap":{"0":{"loc":{"start":{"line":19,"column":4},"end":{"line":21,"column":5}},"type":"if","locations":[{"start":{"line":19,"column":4},"end":{"line":21,"column":5}}]}},"s":{"0":1,"1":8,"2":8,"3":6,"4":4,"5":2,"6":2,"7":2,"8":2,"9":1,"10":1,"11":4,"12":1,"13":1,"14":2,"15":2,"16":1,"17":1,"18":1,"19":5,"20":5,"21":2,"22":5,"23":1},"f":{"0":8,"1":2,"2":4,"3":2,"4":5},"b":{"0":[4]}}
,"/Users/grinn/dev/libs/simplutils/src/types/class.ts": {"path":"/Users/grinn/dev/libs/simplutils/src/types/class.ts","statementMap":{"0":{"start":{"line":18,"column":23},"end":{"line":27,"column":1}},"1":{"start":{"line":19,"column":24},"end":{"line":19,"column":58}},"2":{"start":{"line":21,"column":2},"end":{"line":26,"column":null}},"3":{"start":{"line":18,"column":13},"end":{"line":18,"column":23}},"4":{"start":{"line":37,"column":0},"end":{"line":37,"column":13}},"5":{"start":{"line":50,"column":24},"end":{"line":52,"column":1}},"6":{"start":{"line":51,"column":2},"end":{"line":51,"column":null}},"7":{"start":{"line":50,"column":13},"end":{"line":50,"column":24}}},"fnMap":{"0":{"name":"(anonymous_0)","decl":{"start":{"line":18,"column":23},"end":{"line":18,"column":24}},"loc":{"start":{"line":18,"column":48},"end":{"line":27,"column":1}}},"1":{"name":"(anonymous_1)","decl":{"start":{"line":50,"column":24},"end":{"line":50,"column":30}},"loc":{"start":{"line":50,"column":32},"end":{"line":52,"column":1}}}},"branchMap":{"0":{"loc":{"start":{"line":22,"column":4},"end":{"line":25,"column":44}},"type":"binary-expr","locations":[{"start":{"line":22,"column":4},"end":{"line":22,"column":32}},{"start":{"line":23,"column":4},"end":{"line":23,"column":39}},{"start":{"line":24,"column":4},"end":{"line":24,"column":40}},{"start":{"line":25,"column":4},"end":{"line":25,"column":44}}]}},"s":{"0":6,"1":17,"2":17,"3":6,"4":6,"5":6,"6":1,"7":6},"f":{"0":17,"1":1},"b":{"0":[17,15,9,9]}}
,"/Users/grinn/dev/libs/simplutils/src/types/index.ts": {"path":"/Users/grinn/dev/libs/simplutils/src/types/index.ts","statementMap":{"0":{"start":{"line":1,"column":0},"end":{"line":1,"column":23}},"1":{"start":{"line":2,"column":0},"end":{"line":2,"column":26}},"2":{"start":{"line":3,"column":0},"end":{"line":3,"column":23}},"3":{"start":{"line":4,"column":0},"end":{"line":4,"column":28}},"4":{"start":{"line":5,"column":0},"end":{"line":5,"column":25}}},"fnMap":{},"branchMap":{},"s":{"0":4,"1":4,"2":4,"3":4,"4":4},"f":{},"b":{}}
,"/Users/grinn/dev/libs/simplutils/src/types/promises.ts": {"path":"/Users/grinn/dev/libs/simplutils/src/types/promises.ts","statementMap":{"0":{"start":{"line":43,"column":0},"end":{"line":43,"column":16}},"1":{"start":{"line":19,"column":25},"end":{"line":19,"column":98}},"2":{"start":{"line":19,"column":72},"end":{"line":19,"column":98}},"3":{"start":{"line":19,"column":13},"end":{"line":19,"column":25}},"4":{"start":{"line":29,"column":25},"end":{"line":30,"column":87}},"5":{"start":{"line":30,"column":2},"end":{"line":30,"column":87}},"6":{"start":{"line":29,"column":13},"end":{"line":29,"column":25}},"7":{"start":{"line":46,"column":35},"end":{"line":50,"column":null}},"8":{"start":{"line":48,"column":6},"end":{"line":48,"column":null}},"9":{"start":{"line":48,"column":36},"end":{"line":48,"column":58}},"10":{"start":{"line":51,"column":2},"end":{"line":51,"column":null}}},"fnMap":{"0":{"name":"(anonymous_0)","decl":{"start":{"line":19,"column":25},"end":{"line":19,"column":29}},"loc":{"start":{"line":19,"column":72},"end":{"line":19,"column":98}}},"1":{"name":"(anonymous_1)","decl":{"start":{"line":29,"column":25},"end":{"line":29,"column":29}},"loc":{"start":{"line":30,"column":2},"end":{"line":30,"column":87}}},"2":{"name":"proxifyPromise","decl":{"start":{"line":43,"column":16},"end":{"line":43,"column":30}},"loc":{"start":{"line":44,"column":21},"end":{"line":52,"column":1}}},"3":{"name":"(anonymous_3)","decl":{"start":{"line":47,"column":4},"end":{"line":47,"column":7}},"loc":{"start":{"line":47,"column":20},"end":{"line":49,"column":5}}},"4":{"name":"(anonymous_4)","decl":{"start":{"line":48,"column":26},"end":{"line":48,"column":32}},"loc":{"start":{"line":48,"column":36},"end":{"line":48,"column":58}}}},"branchMap":{"0":{"loc":{"start":{"line":30,"column":2},"end":{"line":30,"column":87}},"type":"binary-expr","locations":[{"start":{"line":30,"column":2},"end":{"line":30,"column":7}},{"start":{"line":30,"column":12},"end":{"line":30,"column":36}},{"start":{"line":30,"column":41},"end":{"line":30,"column":66}},{"start":{"line":30,"column":70},"end":{"line":30,"column":85}}]}},"s":{"0":5,"1":5,"2":2,"3":5,"4":5,"5":7,"6":5,"7":2,"8":8,"9":8,"10":2},"f":{"0":2,"1":7,"2":2,"3":8,"4":8},"b":{"0":[7,6,4,2]}}
,"/Users/grinn/dev/libs/simplutils/src/types/stack.ts": {"path":"/Users/grinn/dev/libs/simplutils/src/types/stack.ts","statementMap":{"0":{"start":{"line":1,"column":0},"end":{"line":1,"column":32}},"1":{"start":{"line":8,"column":25},"end":{"line":8,"column":27}},"2":{"start":{"line":14,"column":24},"end":{"line":14,"column":39}},"3":{"start":{"line":27,"column":28},"end":{"line":27,"column":38}},"4":{"start":{"line":28,"column":4},"end":{"line":28,"column":null}},"5":{"start":{"line":29,"column":4},"end":{"line":29,"column":null}},"6":{"start":{"line":37,"column":19},"end":{"line":37,"column":29}},"7":{"start":{"line":38,"column":4},"end":{"line":38,"column":null}},"8":{"start":{"line":39,"column":4},"end":{"line":39,"column":null}},"9":{"start":{"line":47,"column":4},"end":{"line":47,"column":null}},"10":{"start":{"line":55,"column":4},"end":{"line":55,"column":null}},"11":{"start":{"line":7,"column":0},"end":{"line":7,"column":22}},"12":{"start":{"line":72,"column":4},"end":{"line":76,"column":5}},"13":{"start":{"line":73,"column":6},"end":{"line":73,"column":null}},"14":{"start":{"line":75,"column":6},"end":{"line":75,"column":null}},"15":{"start":{"line":70,"column":0},"end":{"line":70,"column":13}},"16":{"start":{"line":93,"column":4},"end":{"line":93,"column":null}},"17":{"start":{"line":91,"column":0},"end":{"line":91,"column":13}}},"fnMap":{"0":{"name":"(anonymous_0)","decl":{"start":{"line":14,"column":2},"end":{"line":14,"column":24}},"loc":{"start":{"line":14,"column":41},"end":{"line":14,"column":46}}},"1":{"name":"(anonymous_1)","decl":{"start":{"line":26,"column":2},"end":{"line":26,"column":5}},"loc":{"start":{"line":26,"column":5},"end":{"line":30,"column":3}}},"2":{"name":"(anonymous_2)","decl":{"start":{"line":36,"column":2},"end":{"line":36,"column":15}},"loc":{"start":{"line":36,"column":15},"end":{"line":40,"column":3}}},"3":{"name":"(anonymous_3)","decl":{"start":{"line":46,"column":2},"end":{"line":46,"column":9}},"loc":{"start":{"line":46,"column":9},"end":{"line":48,"column":3}}},"4":{"name":"(anonymous_4)","decl":{"start":{"line":54,"column":2},"end":{"line":54,"column":9}},"loc":{"start":{"line":54,"column":9},"end":{"line":56,"column":3}}},"5":{"name":"(anonymous_5)","decl":{"start":{"line":71,"column":2},"end":{"line":71,"column":6}},"loc":{"start":{"line":71,"column":14},"end":{"line":77,"column":3}}},"6":{"name":"(anonymous_6)","decl":{"start":{"line":92,"column":2},"end":{"line":92,"column":6}},"loc":{"start":{"line":92,"column":14},"end":{"line":94,"column":3}}}},"branchMap":{"0":{"loc":{"start":{"line":14,"column":24},"end":{"line":14,"column":41}},"type":"default-arg","locations":[{"start":{"line":14,"column":39},"end":{"line":14,"column":41}}]},"1":{"loc":{"start":{"line":72,"column":4},"end":{"line":76,"column":5}},"type":"if","locations":[{"start":{"line":72,"column":4},"end":{"line":76,"column":5}},{"start":{"line":74,"column":11},"end":{"line":76,"column":5}}]}},"s":{"0":4,"1":10,"2":10,"3":11,"4":11,"5":11,"6":1,"7":1,"8":1,"9":2,"10":5,"11":4,"12":11,"13":1,"14":10,"15":4,"16":9,"17":4},"f":{"0":10,"1":11,"2":1,"3":2,"4":5,"5":11,"6":9},"b":{"0":[0],"1":[1,10]}}
,"/Users/grinn/dev/libs/simplutils/src/types/type-utils.ts": {"path":"/Users/grinn/dev/libs/simplutils/src/types/type-utils.ts","statementMap":{"0":{"start":{"line":132,"column":0},"end":{"line":132,"column":16}},"1":{"start":{"line":62,"column":2},"end":{"line":65,"column":5}},"2":{"start":{"line":63,"column":4},"end":{"line":65,"column":5}},"3":{"start":{"line":64,"column":6},"end":{"line":64,"column":null}},"4":{"start":{"line":61,"column":13},"end":{"line":61,"column":null}},"5":{"start":{"line":75,"column":13},"end":{"line":75,"column":null}},"6":{"start":{"line":75,"column":46},"end":{"line":75,"column":67}},"7":{"start":{"line":80,"column":13},"end":{"line":80,"column":null}},"8":{"start":{"line":80,"column":46},"end":{"line":80,"column":67}},"9":{"start":{"line":85,"column":13},"end":{"line":85,"column":null}},"10":{"start":{"line":85,"column":44},"end":{"line":85,"column":82}},"11":{"start":{"line":90,"column":13},"end":{"line":92,"column":null}},"12":{"start":{"line":91,"column":7},"end":{"line":91,"column":74}},"13":{"start":{"line":97,"column":13},"end":{"line":97,"column":null}},"14":{"start":{"line":97,"column":46},"end":{"line":97,"column":80}},"15":{"start":{"line":102,"column":13},"end":{"line":102,"column":null}},"16":{"start":{"line":102,"column":51},"end":{"line":102,"column":81}},"17":{"start":{"line":118,"column":25},"end":{"line":119,"column":58}},"18":{"start":{"line":119,"column":2},"end":{"line":119,"column":58}},"19":{"start":{"line":118,"column":13},"end":{"line":118,"column":25}},"20":{"start":{"line":133,"column":2},"end":{"line":135,"column":3}},"21":{"start":{"line":134,"column":4},"end":{"line":134,"column":null}},"22":{"start":{"line":136,"column":2},"end":{"line":136,"column":null}}},"fnMap":{"0":{"name":"(anonymous_0)","decl":{"start":{"line":62,"column":2},"end":{"line":62,"column":6}},"loc":{"start":{"line":63,"column":4},"end":{"line":65,"column":5}}},"1":{"name":"(anonymous_1)","decl":{"start":{"line":63,"column":4},"end":{"line":63,"column":5}},"loc":{"start":{"line":63,"column":27},"end":{"line":65,"column":5}}},"2":{"name":"(anonymous_2)","decl":{"start":{"line":75,"column":41},"end":{"line":75,"column":42}},"loc":{"start":{"line":75,"column":46},"end":{"line":75,"column":67}}},"3":{"name":"(anonymous_3)","decl":{"start":{"line":80,"column":41},"end":{"line":80,"column":42}},"loc":{"start":{"line":80,"column":46},"end":{"line":80,"column":67}}},"4":{"name":"(anonymous_4)","decl":{"start":{"line":85,"column":39},"end":{"line":85,"column":40}},"loc":{"start":{"line":85,"column":44},"end":{"line":85,"column":82}}},"5":{"name":"(anonymous_5)","decl":{"start":{"line":91,"column":2},"end":{"line":91,"column":3}},"loc":{"start":{"line":91,"column":7},"end":{"line":91,"column":74}}},"6":{"name":"(anonymous_6)","decl":{"start":{"line":97,"column":41},"end":{"line":97,"column":42}},"loc":{"start":{"line":97,"column":46},"end":{"line":97,"column":80}}},"7":{"name":"(anonymous_7)","decl":{"start":{"line":102,"column":46},"end":{"line":102,"column":47}},"loc":{"start":{"line":102,"column":51},"end":{"line":102,"column":81}}},"8":{"name":"(anonymous_8)","decl":{"start":{"line":118,"column":25},"end":{"line":118,"column":29}},"loc":{"start":{"line":119,"column":2},"end":{"line":119,"column":58}}},"9":{"name":"mapDefined","decl":{"start":{"line":132,"column":16},"end":{"line":132,"column":26}},"loc":{"start":{"line":132,"column":73},"end":{"line":137,"column":1}}}},"branchMap":{"0":{"loc":{"start":{"line":85,"column":44},"end":{"line":85,"column":82}},"type":"binary-expr","locations":[{"start":{"line":85,"column":44},"end":{"line":85,"column":68}},{"start":{"line":85,"column":72},"end":{"line":85,"column":82}}]},"1":{"loc":{"start":{"line":91,"column":7},"end":{"line":91,"column":74}},"type":"binary-expr","locations":[{"start":{"line":91,"column":7},"end":{"line":91,"column":28}},{"start":{"line":91,"column":32},"end":{"line":91,"column":74}}]},"2":{"loc":{"start":{"line":97,"column":46},"end":{"line":97,"column":80}},"type":"binary-expr","locations":[{"start":{"line":97,"column":46},"end":{"line":97,"column":62}},{"start":{"line":97,"column":66},"end":{"line":97,"column":80}}]},"3":{"loc":{"start":{"line":102,"column":51},"end":{"line":102,"column":81}},"type":"binary-expr","locations":[{"start":{"line":102,"column":51},"end":{"line":102,"column":62}},{"start":{"line":102,"column":66},"end":{"line":102,"column":81}}]},"4":{"loc":{"start":{"line":119,"column":2},"end":{"line":119,"column":58}},"type":"binary-expr","locations":[{"start":{"line":119,"column":2},"end":{"line":119,"column":12}},{"start":{"line":119,"column":16},"end":{"line":119,"column":31}},{"start":{"line":119,"column":35},"end":{"line":119,"column":46}},{"start":{"line":119,"column":50},"end":{"line":119,"column":58}}]},"5":{"loc":{"start":{"line":133,"column":2},"end":{"line":135,"column":3}},"type":"if","locations":[{"start":{"line":133,"column":2},"end":{"line":135,"column":3}}]},"6":{"loc":{"start":{"line":133,"column":6},"end":{"line":133,"column":35}},"type":"binary-expr","locations":[{"start":{"line":133,"column":6},"end":{"line":133,"column":21}},{"start":{"line":133,"column":25},"end":{"line":133,"column":35}}]}},"s":{"0":5,"1":5,"2":31,"3":38,"4":5,"5":5,"6":11,"7":5,"8":7,"9":5,"10":6,"11":5,"12":3,"13":5,"14":3,"15":5,"16":5,"17":5,"18":27,"19":5,"20":3,"21":2,"22":1},"f":{"0":31,"1":38,"2":11,"3":7,"4":6,"5":3,"6":3,"7":5,"8":27,"9":3},"b":{"0":[6,5],"1":[3,3],"2":[3,2],"3":[5,3],"4":[27,22,18,16],"5":[2],"6":[3,2]}}
,"/Users/grinn/dev/libs/simplutils/src/types/unapply.ts": {"path":"/Users/grinn/dev/libs/simplutils/src/types/unapply.ts","statementMap":{"0":{"start":{"line":1,"column":0},"end":{"line":1,"column":40}},"1":{"start":{"line":22,"column":23},"end":{"line":23,"column":null}},"2":{"start":{"line":23,"column":3},"end":{"line":23,"column":78}},"3":{"start":{"line":23,"column":46},"end":{"line":23,"column":68}},"4":{"start":{"line":22,"column":13},"end":{"line":22,"column":23}},"5":{"start":{"line":35,"column":58},"end":{"line":35,"column":67}},"6":{"start":{"line":36,"column":50},"end":{"line":36,"column":54}},"7":{"start":{"line":39,"column":4},"end":{"line":39,"column":null}},"8":{"start":{"line":48,"column":4},"end":{"line":48,"column":null}},"9":{"start":{"line":49,"column":4},"end":{"line":49,"column":null}},"10":{"start":{"line":57,"column":4},"end":{"line":57,"column":null}},"11":{"start":{"line":58,"column":4},"end":{"line":58,"column":null}},"12":{"start":{"line":66,"column":4},"end":{"line":70,"column":5}},"13":{"start":{"line":67,"column":6},"end":{"line":69,"column":7}},"14":{"start":{"line":68,"column":8},"end":{"line":68,"column":null}},"15":{"start":{"line":71,"column":4},"end":{"line":73,"column":5}},"16":{"start":{"line":72,"column":6},"end":{"line":72,"column":null}},"17":{"start":{"line":74,"column":4},"end":{"line":74,"column":null}},"18":{"start":{"line":93,"column":23},"end":{"line":93,"column":53}},"19":{"start":{"line":93,"column":36},"end":{"line":93,"column":53}},"20":{"start":{"line":93,"column":13},"end":{"line":93,"column":23}}},"fnMap":{"0":{"name":"(anonymous_0)","decl":{"start":{"line":22,"column":23},"end":{"line":22,"column":27}},"loc":{"start":{"line":23,"column":3},"end":{"line":23,"column":78}}},"1":{"name":"(anonymous_1)","decl":{"start":{"line":23,"column":22},"end":{"line":23,"column":23}},"loc":{"start":{"line":23,"column":46},"end":{"line":23,"column":68}}},"2":{"name":"(anonymous_2)","decl":{"start":{"line":38,"column":2},"end":{"line":38,"column":14}},"loc":{"start":{"line":38,"column":22},"end":{"line":40,"column":3}}},"3":{"name":"(anonymous_3)","decl":{"start":{"line":47,"column":2},"end":{"line":47,"column":6}},"loc":{"start":{"line":47,"column":65},"end":{"line":50,"column":3}}},"4":{"name":"(anonymous_4)","decl":{"start":{"line":56,"column":2},"end":{"line":56,"column":9}},"loc":{"start":{"line":56,"column":37},"end":{"line":59,"column":3}}},"5":{"name":"(anonymous_5)","decl":{"start":{"line":65,"column":2},"end":{"line":65,"column":9}},"loc":{"start":{"line":65,"column":9},"end":{"line":75,"column":3}}},"6":{"name":"(anonymous_6)","decl":{"start":{"line":93,"column":23},"end":{"line":93,"column":27}},"loc":{"start":{"line":93,"column":36},"end":{"line":93,"column":53}}}},"branchMap":{"0":{"loc":{"start":{"line":23,"column":3},"end":{"line":23,"column":78}},"type":"cond-expr","locations":[{"start":{"line":23,"column":22},"end":{"line":23,"column":68}},{"start":{"line":23,"column":71},"end":{"line":23,"column":78}}]},"1":{"loc":{"start":{"line":67,"column":6},"end":{"line":69,"column":7}},"type":"if","locations":[{"start":{"line":67,"column":6},"end":{"line":69,"column":7}}]},"2":{"loc":{"start":{"line":71,"column":4},"end":{"line":73,"column":5}},"type":"if","locations":[{"start":{"line":71,"column":4},"end":{"line":73,"column":5}}]}},"s":{"0":5,"1":5,"2":10,"3":5,"4":5,"5":5,"6":5,"7":5,"8":8,"9":8,"10":1,"11":1,"12":5,"13":6,"14":3,"15":2,"16":1,"17":1,"18":5,"19":5,"20":5},"f":{"0":10,"1":5,"2":5,"3":8,"4":1,"5":5,"6":5},"b":{"0":[5,5],"1":[3],"2":[1]}}
}
