TN:
SF:src/arrays/functional.ts
FN:12,(anonymous_0)
FN:13,(anonymous_1)
FN:45,createSorter
FN:47,(anonymous_3)
FN:48,(anonymous_4)
FN:61,(anonymous_5)
FN:63,(anonymous_6)
FN:64,(anonymous_7)
FN:71,(anonymous_8)
FN:96,(anonymous_9)
FN:97,(anonymous_10)
FN:98,(anonymous_11)
FN:98,(anonymous_12)
FN:99,(anonymous_13)
FN:99,(anonymous_14)
FN:116,(anonymous_15)
FNF:16
FNH:16
FNDA:3,(anonymous_0)
FNDA:6,(anonymous_1)
FNDA:4,createSorter
FNDA:25,(anonymous_3)
FNDA:25,(anonymous_4)
FNDA:9,(anonymous_5)
FNDA:5,(anonymous_6)
FNDA:30,(anonymous_7)
FNDA:24,(anonymous_8)
FNDA:5,(anonymous_9)
FNDA:15,(anonymous_10)
FNDA:1,(anonymous_11)
FNDA:5,(anonymous_12)
FNDA:1,(anonymous_13)
FNDA:5,(anonymous_14)
FNDA:5,(anonymous_15)
DA:2,4
DA:12,4
DA:13,6
DA:45,4
DA:47,4
DA:48,25
DA:49,25
DA:50,25
DA:52,25
DA:58,25
DA:61,4
DA:62,9
DA:64,5
DA:65,30
DA:66,30
DA:71,24
DA:96,4
DA:97,15
DA:98,5
DA:99,5
DA:100,5
DA:116,4
DA:117,5
LF:23
LH:23
BRDA:52,0,0,18
BRDA:52,0,1,7
BRDA:54,1,0,7
BRDA:54,1,1,0
BRDA:58,2,0,18
BRDA:58,2,1,7
BRDA:63,3,0,0
BRDA:66,4,0,30
BRDA:66,4,1,25
BRDA:98,5,0,5
BRDA:98,5,1,2
BRDA:99,6,0,5
BRDA:99,6,1,4
BRF:13
BRH:11
end_of_record
TN:
SF:src/arrays/id-arrays.ts
FN:12,hasSameId
FN:26,(anonymous_1)
FN:27,(anonymous_2)
FN:40,(anonymous_3)
FN:41,(anonymous_4)
FN:42,(anonymous_5)
FN:58,(anonymous_6)
FN:60,(anonymous_7)
FN:81,(anonymous_8)
FN:93,(anonymous_9)
FNF:10
FNH:9
FNDA:4,hasSameId
FNDA:3,(anonymous_1)
FNDA:5,(anonymous_2)
FNDA:9,(anonymous_3)
FNDA:12,(anonymous_4)
FNDA:7,(anonymous_5)
FNDA:6,(anonymous_6)
FNDA:7,(anonymous_7)
FNDA:2,(anonymous_8)
FNDA:0,(anonymous_9)
DA:12,5
DA:13,4
DA:26,5
DA:27,5
DA:40,5
DA:41,12
DA:42,9
DA:43,9
DA:58,5
DA:59,6
DA:61,7
DA:62,7
DA:63,7
DA:67,6
DA:81,5
DA:82,2
DA:92,5
DA:95,5
DA:96,5
DA:97,5
DA:98,5
DA:99,5
LF:22
LH:22
BRDA:42,0,0,4
BRDA:42,0,1,5
BRDA:63,1,0,7
BRDA:63,1,1,4
BRF:4
BRH:4
end_of_record
TN:
SF:src/arrays/index.ts
FNF:0
FNH:0
DA:1,4
DA:2,4
DA:3,4
DA:4,4
LF:4
LH:4
BRF:0
BRH:0
end_of_record
TN:
SF:src/arrays/range.ts
FN:23,(anonymous_0)
FN:27,(anonymous_1)
FNF:2
FNH:2
FNDA:6,(anonymous_0)
FNDA:24,(anonymous_1)
DA:23,5
DA:24,6
DA:25,5
DA:26,5
DA:27,24
LF:5
LH:5
BRDA:23,0,0,3
BRDA:24,1,0,1
BRDA:25,2,0,4
BRDA:25,2,1,1
BRDA:26,3,0,4
BRDA:26,3,1,1
BRF:6
BRH:6
end_of_record
TN:
SF:src/arrays/utils.ts
FN:20,(anonymous_0)
FN:32,(anonymous_1)
FN:33,(anonymous_2)
FN:50,(anonymous_3)
FN:56,(anonymous_4)
FN:59,(anonymous_5)
FN:60,(anonymous_6)
FN:61,(anonymous_7)
FN:74,(anonymous_8)
FN:75,(anonymous_9)
FN:79,(anonymous_10)
FN:83,(anonymous_11)
FN:85,(anonymous_12)
FN:93,(anonymous_13)
FN:98,(anonymous_14)
FN:103,(anonymous_15)
FN:108,(anonymous_16)
FN:117,upsert
FN:119,(anonymous_18)
FN:140,partition
FN:142,(anonymous_20)
FN:153,(anonymous_21)
FNF:22
FNH:22
FNDA:23,(anonymous_0)
FNDA:4,(anonymous_1)
FNDA:11,(anonymous_2)
FNDA:4,(anonymous_3)
FNDA:4,(anonymous_4)
FNDA:22,(anonymous_5)
FNDA:12,(anonymous_6)
FNDA:15,(anonymous_7)
FNDA:20,(anonymous_8)
FNDA:10,(anonymous_9)
FNDA:20,(anonymous_10)
FNDA:2,(anonymous_11)
FNDA:6,(anonymous_12)
FNDA:6,(anonymous_13)
FNDA:3,(anonymous_14)
FNDA:7,(anonymous_15)
FNDA:5,(anonymous_16)
FNDA:3,upsert
FNDA:2,(anonymous_18)
FNDA:4,partition
FNDA:11,(anonymous_20)
FNDA:5,(anonymous_21)
DA:20,5
DA:21,23
DA:22,23
DA:23,23
DA:32,5
DA:33,4
DA:34,11
DA:35,8
DA:36,8
DA:38,5
DA:39,5
DA:50,5
DA:55,4
DA:56,4
DA:59,22
DA:60,4
DA:61,15
DA:73,5
DA:74,5
DA:75,20
DA:76,10
DA:77,6
DA:78,4
DA:79,20
DA:83,2
DA:84,2
DA:85,6
DA:93,6
DA:98,5
DA:103,7
DA:108,5
DA:117,5
DA:118,3
DA:120,2
DA:121,1
DA:123,1
DA:128,3
DA:140,5
DA:141,4
DA:142,11
DA:153,5
DA:158,5
DA:159,5
DA:160,13
DA:162,4
DA:163,4
DA:166,5
LF:47
LH:47
BRDA:21,0,0,1
BRDA:21,0,1,22
BRDA:22,1,0,1
BRDA:22,1,1,22
BRDA:34,2,0,3
BRDA:36,3,0,3
BRDA:36,3,1,5
BRDA:55,4,0,1
BRDA:55,4,1,3
BRDA:57,5,0,1
BRDA:57,5,1,2
BRDA:61,6,0,5
BRDA:61,6,1,7
BRDA:76,7,0,4
BRDA:76,7,1,6
BRDA:76,8,0,4
BRDA:76,8,1,2
BRDA:77,9,0,4
BRDA:77,9,1,2
BRDA:79,10,0,17
BRDA:79,10,1,3
BRDA:85,11,0,4
BRDA:85,11,1,2
BRDA:103,12,0,3
BRDA:103,12,1,4
BRDA:108,13,0,3
BRDA:108,13,1,2
BRDA:120,14,0,1
BRDA:120,14,1,1
BRDA:128,15,0,1
BRDA:128,15,1,2
BRDA:142,16,0,5
BRDA:142,16,1,6
BRDA:156,17,0,3
BRDA:160,18,0,9
BRDA:160,18,1,4
BRDA:162,19,0,2
BRF:37
BRH:37
end_of_record
TN:
SF:src/async/delay.ts
FN:10,(anonymous_0)
FN:10,(anonymous_1)
FNF:2
FNH:2
FNDA:30,(anonymous_0)
FNDA:30,(anonymous_1)
DA:10,30
LF:1
LH:1
BRF:0
BRH:0
end_of_record
TN:
SF:src/async/mutex.ts
FN:28,(anonymous_0)
FN:29,(anonymous_1)
FN:42,(anonymous_2)
FN:68,preventConcurrentCalls
FN:70,(anonymous_4)
FN:71,(anonymous_5)
FN:77,(anonymous_6)
FNF:7
FNH:7
FNDA:6,(anonymous_0)
FNDA:6,(anonymous_1)
FNDA:3,(anonymous_2)
FNDA:3,preventConcurrentCalls
FNDA:6,(anonymous_4)
FNDA:2,(anonymous_5)
FNDA:6,(anonymous_6)
DA:1,1
DA:19,1
DA:20,3
DA:21,3
DA:29,6
DA:30,6
DA:31,4
DA:32,4
DA:34,2
DA:43,3
DA:44,2
DA:45,2
DA:47,1
DA:68,1
DA:69,3
DA:70,3
DA:71,6
DA:72,6
DA:74,5
DA:75,5
DA:76,5
DA:77,6
DA:78,5
LF:23
LH:23
BRDA:30,0,0,4
BRDA:30,0,1,2
BRDA:43,1,0,2
BRDA:43,1,1,1
BRDA:72,2,0,1
BRDA:72,2,1,5
BRF:6
BRH:6
end_of_record
TN:
SF:src/async/promises.ts
FN:13,(anonymous_0)
FN:42,(anonymous_1)
FN:69,(anonymous_2)
FN:70,(anonymous_3)
FN:80,(anonymous_4)
FN:88,(anonymous_5)
FN:96,(anonymous_6)
FNF:7
FNH:7
FNDA:3,(anonymous_0)
FNDA:2,(anonymous_1)
FNDA:3,(anonymous_2)
FNDA:3,(anonymous_3)
FNDA:2,(anonymous_4)
FNDA:1,(anonymous_5)
FNDA:3,(anonymous_6)
DA:13,1
DA:14,3
DA:15,3
DA:16,6
DA:18,3
DA:42,1
DA:47,2
DA:64,1
DA:70,3
DA:71,3
DA:72,3
DA:81,2
DA:89,1
DA:97,3
DA:98,3
LF:15
LH:15
BRDA:45,0,0,1
BRDA:47,1,0,1
BRDA:47,1,1,1
BRF:3
BRH:3
end_of_record
TN:
SF:src/countries/index.ts
FN:1989,(anonymous_0)
FN:1999,(anonymous_1)
FN:2000,(anonymous_2)
FN:2006,(anonymous_3)
FN:2012,(anonymous_4)
FN:2037,(anonymous_5)
FN:2043,(anonymous_6)
FN:2060,(anonymous_7)
FN:2074,(anonymous_8)
FNF:9
FNH:9
FNDA:246,(anonymous_0)
FNDA:3,(anonymous_1)
FNDA:419,(anonymous_2)
FNDA:246,(anonymous_3)
FNDA:246,(anonymous_4)
FNDA:6,(anonymous_5)
FNDA:945,(anonymous_6)
FNDA:7,(anonymous_7)
FNDA:4,(anonymous_8)
DA:1,1
DA:3,1
DA:1989,246
DA:1999,1
DA:2000,419
DA:2006,246
DA:2011,1
DA:2013,246
DA:2014,246
DA:2037,1
DA:2043,945
DA:2044,6
DA:2045,1
DA:2046,1
DA:2048,5
DA:2060,1
DA:2061,7
DA:2074,1
DA:2075,4
DA:2084,1
LF:20
LH:20
BRDA:2000,0,0,3
BRDA:2000,0,1,0
BRDA:2043,1,0,6
BRDA:2043,1,1,0
BRDA:2044,2,0,1
BRDA:2048,3,0,1
BRDA:2048,3,1,4
BRDA:2048,4,0,3
BRDA:2048,4,1,2
BRF:9
BRH:7
end_of_record
TN:
SF:src/enums/index.ts
FN:26,(anonymous_0)
FN:28,(anonymous_1)
FN:40,(anonymous_2)
FN:52,(anonymous_3)
FNF:4
FNH:4
FNDA:6,(anonymous_0)
FNDA:27,(anonymous_1)
FNDA:2,(anonymous_2)
FNDA:2,(anonymous_3)
DA:26,1
DA:27,6
DA:28,27
DA:29,6
DA:40,1
DA:41,2
DA:52,1
DA:53,2
LF:8
LH:8
BRDA:28,0,0,27
BRDA:28,0,1,9
BRF:2
BRH:2
end_of_record
TN:
SF:src/objects/diff.ts
FN:16,(anonymous_1)
FN:33,(anonymous_2)
FN:84,(anonymous_3)
FN:88,(anonymous_4)
FN:90,(anonymous_5)
FN:104,(anonymous_6)
FN:106,(anonymous_7)
FN:148,(anonymous_8)
FN:150,(anonymous_9)
FNF:9
FNH:6
FNDA:0,(anonymous_1)
FNDA:23,(anonymous_2)
FNDA:3,(anonymous_3)
FNDA:3,(anonymous_4)
FNDA:3,(anonymous_5)
FNDA:0,(anonymous_6)
FNDA:0,(anonymous_7)
FNDA:2,(anonymous_8)
FNDA:2,(anonymous_9)
DA:1,3
DA:2,3
DA:16,3
DA:17,0
DA:33,3
DA:34,23
DA:35,17
DA:36,17
DA:37,17
DA:38,4
DA:39,13
DA:40,13
DA:41,1
DA:42,1
DA:43,3
DA:45,1
DA:47,12
DA:48,0
DA:53,12
DA:54,0
DA:55,0
DA:57,0
DA:58,0
DA:60,0
DA:64,12
DA:65,9
DA:66,9
DA:67,12
DA:69,9
DA:71,3
DA:84,3
DA:85,3
DA:86,1
DA:87,2
DA:88,3
DA:90,3
DA:104,3
DA:105,0
DA:106,0
DA:107,0
DA:108,0
DA:109,0
DA:110,0
DA:111,0
DA:113,0
DA:114,0
DA:115,0
DA:116,0
DA:117,0
DA:119,0
DA:122,0
DA:123,0
DA:124,0
DA:125,0
DA:126,0
DA:127,0
DA:128,0
DA:130,0
DA:131,0
DA:134,0
DA:148,3
DA:149,2
DA:150,2
DA:151,2
DA:152,2
DA:153,2
DA:154,1
DA:155,0
DA:157,1
DA:158,0
DA:159,0
DA:160,0
DA:161,0
DA:163,1
DA:166,2
DA:167,2
DA:168,0
DA:169,0
DA:170,0
DA:172,2
DA:175,2
LF:81
LH:43
BRDA:17,0,0,0
BRDA:17,0,1,0
BRDA:17,1,0,0
BRDA:17,1,1,0
BRDA:33,2,0,8
BRDA:34,3,0,6
BRDA:35,4,0,0
BRDA:35,5,0,17
BRDA:35,5,1,1
BRDA:36,6,0,0
BRDA:36,7,0,17
BRDA:36,7,1,1
BRDA:37,8,0,4
BRDA:37,9,0,17
BRDA:37,9,1,16
BRDA:37,9,2,15
BRDA:37,9,3,14
BRDA:39,10,0,0
BRDA:40,11,0,1
BRDA:40,12,0,13
BRDA:40,12,1,1
BRDA:43,13,0,3
BRDA:43,13,1,0
BRDA:47,14,0,0
BRDA:47,15,0,12
BRDA:47,15,1,12
BRDA:47,15,2,12
BRDA:47,15,3,12
BRDA:48,16,0,0
BRDA:48,16,1,0
BRDA:53,17,0,0
BRDA:53,18,0,12
BRDA:53,18,1,0
BRDA:54,19,0,0
BRDA:54,19,1,0
BRDA:57,20,0,0
BRDA:57,20,1,0
BRDA:57,21,0,0
BRDA:57,21,1,0
BRDA:57,21,2,0
BRDA:64,22,0,9
BRDA:64,23,0,12
BRDA:64,23,1,9
BRDA:67,24,0,1
BRDA:67,24,1,11
BRDA:85,25,0,1
BRDA:85,25,1,2
BRDA:85,26,0,3
BRDA:85,26,1,1
BRDA:87,27,0,1
BRDA:87,27,1,1
BRDA:88,28,0,1
BRDA:88,28,1,2
BRDA:90,29,0,1
BRDA:90,29,1,2
BRDA:110,30,0,0
BRDA:113,31,0,0
BRDA:113,31,1,0
BRDA:123,32,0,0
BRDA:123,32,1,0
BRDA:154,33,0,0
BRDA:157,34,0,0
BRDA:157,34,1,1
BRDA:167,35,0,0
BRDA:167,35,1,2
BRF:65
BRH:37
end_of_record
TN:
SF:src/objects/index.ts
FNF:0
FNH:0
DA:1,2
DA:2,2
DA:3,2
DA:4,2
LF:4
LH:4
BRF:0
BRH:0
end_of_record
TN:
SF:src/objects/json-utils.ts
FN:10,isJson
FN:28,parseJson
FNF:2
FNH:2
FNDA:9,isJson
FNDA:4,parseJson
DA:10,3
DA:11,9
DA:12,9
DA:14,3
DA:16,6
DA:28,3
DA:29,4
DA:30,4
DA:32,2
LF:9
LH:9
BRF:0
BRH:0
end_of_record
TN:
SF:src/objects/object-manipulation.ts
FN:93,(anonymous_0)
FN:132,(anonymous_1)
FN:141,(anonymous_2)
FN:173,(anonymous_3)
FN:178,(anonymous_4)
FN:204,(anonymous_5)
FN:211,(anonymous_6)
FN:226,(anonymous_7)
FN:231,(anonymous_8)
FN:245,(anonymous_9)
FN:249,(anonymous_10)
FNF:11
FNH:7
FNDA:6,(anonymous_0)
FNDA:0,(anonymous_1)
FNDA:0,(anonymous_2)
FNDA:5,(anonymous_3)
FNDA:6,(anonymous_4)
FNDA:3,(anonymous_5)
FNDA:6,(anonymous_6)
FNDA:2,(anonymous_7)
FNDA:3,(anonymous_8)
FNDA:0,(anonymous_9)
FNDA:0,(anonymous_10)
DA:1,3
DA:93,3
DA:102,6
DA:103,6
DA:104,4
DA:109,4
DA:111,2
DA:112,0
DA:114,2
DA:118,2
DA:132,3
DA:141,0
DA:173,3
DA:177,5
DA:179,6
DA:204,3
DA:208,3
DA:211,6
DA:212,3
DA:226,3
DA:230,2
DA:231,3
DA:245,3
DA:249,0
LF:24
LH:21
BRDA:103,0,0,4
BRDA:103,0,1,2
BRDA:107,1,0,1
BRDA:107,1,1,3
BRDA:111,2,0,0
BRDA:179,3,0,3
BRDA:179,3,1,3
BRDA:211,4,0,6
BRDA:211,4,1,0
BRF:9
BRH:7
end_of_record
TN:
SF:src/objects/object-utils.ts
FN:24,(anonymous_1)
FN:34,(anonymous_2)
FN:36,(anonymous_3)
FN:65,(anonymous_4)
FN:69,(anonymous_5)
FN:90,(anonymous_6)
FN:98,(anonymous_7)
FN:115,(anonymous_8)
FN:117,(anonymous_9)
FN:132,(anonymous_10)
FN:134,(anonymous_11)
FN:144,(anonymous_12)
FN:149,(anonymous_13)
FN:165,(anonymous_14)
FN:170,(anonymous_15)
FN:194,(anonymous_16)
FN:198,(anonymous_17)
FN:207,(anonymous_18)
FN:212,(anonymous_19)
FN:223,(anonymous_20)
FN:228,(anonymous_21)
FN:246,(anonymous_22)
FN:251,(anonymous_23)
FN:265,(anonymous_24)
FN:270,(anonymous_25)
FN:288,(anonymous_26)
FN:289,(anonymous_27)
FN:291,(anonymous_28)
FN:309,(anonymous_29)
FN:310,(anonymous_30)
FN:318,removeUndefined
FN:320,(anonymous_32)
FN:333,deepEqual
FN:346,isObject
FN:356,deepArrayEqual
FN:381,isInstanceOfAnyClass
FN:398,(anonymous_37)
FN:406,(anonymous_38)
FN:410,(anonymous_39)
FNF:39
FNH:36
FNDA:3,(anonymous_1)
FNDA:3,(anonymous_2)
FNDA:4,(anonymous_3)
FNDA:1,(anonymous_4)
FNDA:2,(anonymous_5)
FNDA:2,(anonymous_6)
FNDA:4,(anonymous_7)
FNDA:1,(anonymous_8)
FNDA:2,(anonymous_9)
FNDA:1,(anonymous_10)
FNDA:2,(anonymous_11)
FNDA:2,(anonymous_12)
FNDA:4,(anonymous_13)
FNDA:3,(anonymous_14)
FNDA:6,(anonymous_15)
FNDA:1,(anonymous_16)
FNDA:2,(anonymous_17)
FNDA:2,(anonymous_18)
FNDA:4,(anonymous_19)
FNDA:2,(anonymous_20)
FNDA:5,(anonymous_21)
FNDA:1,(anonymous_22)
FNDA:3,(anonymous_23)
FNDA:1,(anonymous_24)
FNDA:2,(anonymous_25)
FNDA:0,(anonymous_26)
FNDA:0,(anonymous_27)
FNDA:0,(anonymous_28)
FNDA:1,(anonymous_29)
FNDA:2,(anonymous_30)
FNDA:2,removeUndefined
FNDA:7,(anonymous_32)
FNDA:7,deepEqual
FNDA:18,isObject
FNDA:15,deepArrayEqual
FNDA:25,isInstanceOfAnyClass
FNDA:10,(anonymous_37)
FNDA:3,(anonymous_38)
FNDA:4,(anonymous_39)
DA:1,4
DA:24,4
DA:25,3
DA:34,4
DA:35,3
DA:36,4
DA:65,4
DA:69,2
DA:90,4
DA:97,2
DA:98,4
DA:115,4
DA:116,1
DA:117,2
DA:132,4
DA:133,1
DA:134,2
DA:144,4
DA:148,2
DA:150,4
DA:165,4
DA:169,3
DA:171,6
DA:194,4
DA:198,2
DA:207,4
DA:211,2
DA:212,4
DA:223,4
DA:227,2
DA:229,5
DA:230,5
DA:231,4
DA:246,4
DA:250,1
DA:251,3
DA:265,4
DA:269,1
DA:270,2
DA:287,4
DA:288,4
DA:289,0
DA:290,0
DA:291,0
DA:309,4
DA:310,2
DA:318,4
DA:319,2
DA:320,7
DA:325,4
DA:333,4
DA:338,7
DA:339,6
DA:341,1
DA:342,1
DA:347,18
DA:356,4
DA:357,15
DA:358,1
DA:360,14
DA:361,15
DA:362,0
DA:363,0
DA:365,15
DA:366,3
DA:367,1
DA:369,12
DA:370,3
DA:373,10
DA:381,4
DA:382,25
DA:398,4
DA:403,10
DA:404,3
DA:405,7
DA:406,3
DA:407,6
DA:408,5
DA:409,3
DA:410,4
DA:417,2
LF:81
LH:76
BRDA:25,0,0,3
BRDA:25,0,1,2
BRDA:98,1,0,3
BRDA:98,1,1,1
BRDA:150,2,0,2
BRDA:150,2,1,2
BRDA:171,3,0,4
BRDA:171,3,1,2
BRDA:230,4,0,1
BRDA:233,5,0,4
BRDA:233,5,1,3
BRDA:253,6,0,3
BRDA:253,6,1,2
BRDA:291,7,0,0
BRDA:291,7,1,0
BRDA:320,8,0,2
BRDA:320,8,1,5
BRDA:320,9,0,7
BRDA:320,9,1,6
BRDA:336,10,0,5
BRDA:338,11,0,6
BRDA:338,11,1,1
BRDA:347,12,0,18
BRDA:347,12,1,18
BRDA:357,13,0,1
BRDA:361,14,0,0
BRDA:361,14,1,15
BRDA:361,15,0,15
BRDA:361,15,1,0
BRDA:362,16,0,0
BRDA:365,17,0,3
BRDA:365,17,1,12
BRDA:365,18,0,15
BRDA:365,18,1,3
BRDA:366,19,0,1
BRDA:369,20,0,3
BRDA:382,21,0,25
BRDA:382,21,1,23
BRDA:382,21,2,17
BRDA:403,22,0,3
BRDA:403,22,1,7
BRDA:405,23,0,1
BRDA:405,23,1,6
BRDA:407,24,0,1
BRDA:407,24,1,5
BRDA:408,25,0,3
BRDA:408,26,0,5
BRDA:408,26,1,5
BRF:48
BRH:43
end_of_record
TN:
SF:src/provider/index.ts
FN:37,(anonymous_0)
FN:44,(anonymous_1)
FN:52,(anonymous_2)
FN:58,(anonymous_3)
FN:66,(anonymous_4)
FN:75,(anonymous_5)
FN:80,(anonymous_6)
FN:83,(anonymous_7)
FN:94,(anonymous_8)
FN:95,(anonymous_9)
FN:98,(anonymous_10)
FN:108,(anonymous_11)
FN:122,(anonymous_12)
FN:136,(anonymous_13)
FN:151,(anonymous_14)
FN:166,(anonymous_15)
FN:171,(anonymous_16)
FN:176,(anonymous_17)
FN:186,(anonymous_18)
FN:198,(anonymous_19)
FN:199,(anonymous_20)
FN:200,(anonymous_21)
FN:201,(anonymous_22)
FN:203,(anonymous_23)
FN:211,(anonymous_24)
FNF:25
FNH:10
FNDA:12,(anonymous_0)
FNDA:0,(anonymous_1)
FNDA:13,(anonymous_2)
FNDA:0,(anonymous_3)
FNDA:1,(anonymous_4)
FNDA:1,(anonymous_5)
FNDA:1,(anonymous_6)
FNDA:0,(anonymous_7)
FNDA:1,(anonymous_8)
FNDA:1,(anonymous_9)
FNDA:3,(anonymous_10)
FNDA:3,(anonymous_11)
FNDA:0,(anonymous_12)
FNDA:0,(anonymous_13)
FNDA:1,(anonymous_14)
FNDA:0,(anonymous_15)
FNDA:0,(anonymous_16)
FNDA:0,(anonymous_17)
FNDA:0,(anonymous_18)
FNDA:0,(anonymous_19)
FNDA:0,(anonymous_20)
FNDA:0,(anonymous_21)
FNDA:0,(anonymous_22)
FNDA:0,(anonymous_23)
FNDA:0,(anonymous_24)
DA:1,1
DA:23,1
DA:31,1
DA:32,12
DA:36,12
DA:38,12
DA:41,12
DA:45,0
DA:46,0
DA:53,13
DA:58,11
DA:59,11
DA:60,8
DA:63,13
DA:67,1
DA:79,1
DA:81,1
DA:84,0
DA:85,0
DA:87,1
DA:88,1
DA:95,1
DA:96,1
DA:97,1
DA:99,3
DA:100,2
DA:101,1
DA:109,3
DA:122,1
DA:135,0
DA:136,0
DA:151,1
DA:155,1
DA:165,1
DA:166,1
DA:171,0
DA:172,0
DA:173,0
DA:174,0
DA:176,0
DA:177,0
DA:186,1
DA:197,1
DA:198,1
DA:199,0
DA:200,0
DA:201,0
DA:202,0
DA:203,0
DA:211,1
LF:50
LH:33
BRDA:39,0,0,9
BRDA:53,1,0,11
BRDA:54,2,0,13
BRDA:54,2,1,4
BRDA:54,2,2,3
BRDA:54,2,3,3
BRDA:59,3,0,8
BRDA:59,4,0,11
BRDA:59,4,1,8
BRDA:81,5,0,1
BRDA:81,5,1,0
BRDA:87,6,0,1
BRDA:87,6,1,1
BRDA:90,7,0,1
BRDA:90,7,1,1
BRDA:99,8,0,2
BRDA:99,8,1,1
BRDA:136,9,0,0
BRDA:136,9,1,0
BRDA:173,10,0,0
BRDA:173,10,1,0
BRDA:174,11,0,0
BRDA:174,11,1,0
BRDA:203,12,0,0
BRDA:203,12,1,0
BRF:25
BRH:16
end_of_record
TN:
SF:src/strings/files.ts
FN:21,(anonymous_0)
FN:35,(anonymous_1)
FN:53,(anonymous_2)
FN:59,(anonymous_3)
FNF:4
FNH:2
FNDA:9,(anonymous_0)
FNDA:4,(anonymous_1)
FNDA:0,(anonymous_2)
FNDA:0,(anonymous_3)
DA:1,1
DA:21,1
DA:22,9
DA:23,9
DA:24,5
DA:35,1
DA:36,4
DA:37,4
DA:53,1
DA:58,0
DA:59,0
DA:60,0
DA:61,0
DA:62,0
LF:14
LH:9
BRDA:23,0,0,4
BRDA:23,1,0,9
BRDA:23,1,1,7
BRDA:23,1,2,5
BRDA:56,2,0,0
BRDA:60,3,0,0
BRDA:61,4,0,0
BRF:7
BRH:4
end_of_record
TN:
SF:src/strings/interpolation.ts
FN:14,(anonymous_0)
FN:34,(anonymous_1)
FN:39,(anonymous_2)
FN:73,(anonymous_3)
FN:80,(anonymous_4)
FN:100,(anonymous_5)
FN:102,(anonymous_6)
FNF:7
FNH:7
FNDA:13,(anonymous_0)
FNDA:8,(anonymous_1)
FNDA:11,(anonymous_2)
FNDA:3,(anonymous_3)
FNDA:3,(anonymous_4)
FNDA:3,(anonymous_5)
FNDA:8,(anonymous_6)
DA:14,1
DA:15,13
DA:34,1
DA:39,8
DA:40,11
DA:41,10
DA:42,10
DA:43,10
DA:44,10
DA:45,11
DA:46,11
DA:47,11
DA:48,9
DA:49,2
DA:50,1
DA:52,1
DA:55,0
DA:73,1
DA:78,3
DA:79,3
DA:80,2
DA:81,3
DA:82,3
DA:84,2
DA:85,1
DA:90,1
DA:100,1
DA:101,3
DA:102,3
DA:103,8
LF:30
LH:29
BRDA:37,0,0,7
BRDA:40,1,0,1
BRDA:47,2,0,9
BRDA:47,2,1,2
BRDA:47,3,0,11
BRDA:47,3,1,9
BRDA:49,4,0,1
BRDA:49,4,1,1
BRDA:76,5,0,3
BRDA:79,6,0,1
BRDA:82,7,0,1
BRDA:82,7,1,2
BRDA:84,8,0,1
BRDA:103,9,0,8
BRDA:103,9,1,1
BRF:15
BRH:15
end_of_record
TN:
SF:src/strings/strings-utils.ts
FN:14,(anonymous_0)
FN:15,(anonymous_1)
FN:35,capitalizeFirstname
FN:41,(anonymous_3)
FN:73,(anonymous_4)
FN:76,(anonymous_5)
FN:83,(anonymous_6)
FN:104,(anonymous_7)
FN:137,(anonymous_8)
FN:164,(anonymous_9)
FN:178,(anonymous_10)
FNF:11
FNH:11
FNDA:10,(anonymous_0)
FNDA:44,(anonymous_1)
FNDA:4,capitalizeFirstname
FNDA:10,(anonymous_3)
FNDA:6,(anonymous_4)
FNDA:12,(anonymous_5)
FNDA:5,(anonymous_6)
FNDA:16,(anonymous_7)
FNDA:7,(anonymous_8)
FNDA:4,(anonymous_9)
FNDA:6,(anonymous_10)
DA:14,4
DA:15,44
DA:35,4
DA:37,4
DA:39,4
DA:43,10
DA:45,7
DA:73,4
DA:74,6
DA:76,12
DA:83,4
DA:84,5
DA:104,4
DA:105,16
DA:106,1
DA:108,15
DA:112,11
DA:115,0
DA:117,0
DA:119,1
DA:121,3
DA:122,3
DA:123,3
DA:125,0
DA:126,0
DA:137,4
DA:138,7
DA:139,7
DA:140,7
DA:141,7
DA:142,28
DA:143,28
DA:144,28
DA:146,7
DA:147,7
DA:148,7
DA:149,7
DA:151,7
DA:152,7
DA:164,4
DA:165,4
DA:166,2
DA:178,4
DA:179,6
DA:180,6
DA:181,6
DA:182,6
DA:183,146
DA:185,6
LF:49
LH:45
BRDA:15,0,0,9
BRDA:15,0,1,35
BRDA:43,1,0,3
BRDA:76,2,0,6
BRDA:76,2,1,6
BRDA:105,3,0,1
BRDA:108,4,0,8
BRDA:108,4,1,9
BRDA:108,4,2,11
BRDA:108,4,3,0
BRDA:108,4,4,0
BRDA:108,4,5,0
BRDA:108,4,6,1
BRDA:108,4,7,3
BRDA:123,5,0,1
BRDA:123,5,1,2
BRDA:137,6,0,5
BRDA:164,7,0,1
BRDA:165,8,0,2
BRF:19
BRH:16
end_of_record
TN:
SF:src/throttle/index.ts
FN:33,throttle
FN:41,(anonymous_1)
FN:45,(anonymous_2)
FN:91,(anonymous_3)
FN:98,(anonymous_4)
FN:99,(anonymous_5)
FN:105,(anonymous_6)
FN:110,(anonymous_7)
FN:130,throttled
FN:131,actualDecorator
FN:135,replacementMethod
FN:136,(anonymous_11)
FNF:12
FNH:8
FNDA:3,throttle
FNDA:5,(anonymous_1)
FNDA:3,(anonymous_2)
FNDA:4,(anonymous_3)
FNDA:7,(anonymous_4)
FNDA:3,(anonymous_5)
FNDA:1,(anonymous_6)
FNDA:1,(anonymous_7)
FNDA:0,throttled
FNDA:0,actualDecorator
FNDA:0,replacementMethod
FNDA:0,(anonymous_11)
DA:1,1
DA:21,1
DA:33,1
DA:39,3
DA:42,5
DA:43,3
DA:44,3
DA:45,3
DA:65,1
DA:91,1
DA:95,4
DA:96,4
DA:97,3
DA:98,3
DA:99,7
DA:101,7
DA:103,5
DA:104,5
DA:105,5
DA:106,1
DA:107,1
DA:110,1
DA:113,5
DA:130,1
DA:131,0
DA:135,0
DA:136,0
LF:27
LH:24
BRDA:35,0,0,0
BRDA:40,1,0,2
BRDA:40,1,1,1
BRDA:42,2,0,3
BRDA:96,3,0,1
BRDA:101,4,0,2
BRDA:101,4,1,5
BRF:7
BRH:6
end_of_record
TN:
SF:src/try/index.ts
FN:16,(anonymous_0)
FN:20,(anonymous_1)
FN:43,(anonymous_2)
FN:56,(anonymous_3)
FN:92,(anonymous_4)
FNF:5
FNH:5
FNDA:8,(anonymous_0)
FNDA:2,(anonymous_1)
FNDA:4,(anonymous_2)
FNDA:2,(anonymous_3)
FNDA:5,(anonymous_4)
DA:16,1
DA:17,8
DA:18,8
DA:19,6
DA:20,4
DA:22,2
DA:24,2
DA:25,2
DA:43,1
DA:44,4
DA:56,1
DA:57,2
DA:58,2
DA:60,1
DA:92,1
DA:93,5
DA:94,5
DA:96,2
DA:98,5
LF:19
LH:19
BRDA:19,0,0,4
BRF:1
BRH:1
end_of_record
TN:
SF:src/types/class.ts
FN:18,(anonymous_0)
FN:50,(anonymous_1)
FNF:2
FNH:2
FNDA:17,(anonymous_0)
FNDA:1,(anonymous_1)
DA:18,6
DA:19,17
DA:21,17
DA:37,6
DA:50,6
DA:51,1
LF:6
LH:6
BRDA:22,0,0,17
BRDA:22,0,1,15
BRDA:22,0,2,9
BRDA:22,0,3,9
BRF:4
BRH:4
end_of_record
TN:
SF:src/types/index.ts
FNF:0
FNH:0
DA:1,4
DA:2,4
DA:3,4
DA:4,4
DA:5,4
LF:5
LH:5
BRF:0
BRH:0
end_of_record
TN:
SF:src/types/promises.ts
FN:19,(anonymous_0)
FN:29,(anonymous_1)
FN:43,proxifyPromise
FN:47,(anonymous_3)
FN:48,(anonymous_4)
FNF:5
FNH:5
FNDA:2,(anonymous_0)
FNDA:7,(anonymous_1)
FNDA:2,proxifyPromise
FNDA:8,(anonymous_3)
FNDA:8,(anonymous_4)
DA:19,5
DA:29,5
DA:30,7
DA:43,5
DA:46,2
DA:48,8
DA:51,2
LF:7
LH:7
BRDA:30,0,0,7
BRDA:30,0,1,6
BRDA:30,0,2,4
BRDA:30,0,3,2
BRF:4
BRH:4
end_of_record
TN:
SF:src/types/stack.ts
FN:14,(anonymous_0)
FN:26,(anonymous_1)
FN:36,(anonymous_2)
FN:46,(anonymous_3)
FN:54,(anonymous_4)
FN:71,(anonymous_5)
FN:92,(anonymous_6)
FNF:7
FNH:7
FNDA:10,(anonymous_0)
FNDA:11,(anonymous_1)
FNDA:1,(anonymous_2)
FNDA:2,(anonymous_3)
FNDA:5,(anonymous_4)
FNDA:11,(anonymous_5)
FNDA:9,(anonymous_6)
DA:1,4
DA:7,4
DA:8,10
DA:14,10
DA:27,11
DA:28,11
DA:29,11
DA:37,1
DA:38,1
DA:39,1
DA:47,2
DA:55,5
DA:70,4
DA:72,11
DA:73,1
DA:75,10
DA:91,4
DA:93,9
LF:18
LH:18
BRDA:14,0,0,0
BRDA:72,1,0,1
BRDA:72,1,1,10
BRF:3
BRH:2
end_of_record
TN:
SF:src/types/type-utils.ts
FN:62,(anonymous_0)
FN:63,(anonymous_1)
FN:75,(anonymous_2)
FN:80,(anonymous_3)
FN:85,(anonymous_4)
FN:91,(anonymous_5)
FN:97,(anonymous_6)
FN:102,(anonymous_7)
FN:118,(anonymous_8)
FN:132,mapDefined
FNF:10
FNH:10
FNDA:31,(anonymous_0)
FNDA:38,(anonymous_1)
FNDA:11,(anonymous_2)
FNDA:7,(anonymous_3)
FNDA:6,(anonymous_4)
FNDA:3,(anonymous_5)
FNDA:3,(anonymous_6)
FNDA:5,(anonymous_7)
FNDA:27,(anonymous_8)
FNDA:3,mapDefined
DA:61,5
DA:62,5
DA:63,31
DA:64,38
DA:75,11
DA:80,7
DA:85,6
DA:90,5
DA:91,3
DA:97,5
DA:102,5
DA:118,5
DA:119,27
DA:132,5
DA:133,3
DA:134,2
DA:136,1
LF:17
LH:17
BRDA:85,0,0,6
BRDA:85,0,1,5
BRDA:91,1,0,3
BRDA:91,1,1,3
BRDA:97,2,0,3
BRDA:97,2,1,2
BRDA:102,3,0,5
BRDA:102,3,1,3
BRDA:119,4,0,27
BRDA:119,4,1,22
BRDA:119,4,2,18
BRDA:119,4,3,16
BRDA:133,5,0,2
BRDA:133,6,0,3
BRDA:133,6,1,2
BRF:15
BRH:15
end_of_record
TN:
SF:src/types/unapply.ts
FN:22,(anonymous_0)
FN:23,(anonymous_1)
FN:38,(anonymous_2)
FN:47,(anonymous_3)
FN:56,(anonymous_4)
FN:65,(anonymous_5)
FN:93,(anonymous_6)
FNF:7
FNH:7
FNDA:10,(anonymous_0)
FNDA:5,(anonymous_1)
FNDA:5,(anonymous_2)
FNDA:8,(anonymous_3)
FNDA:1,(anonymous_4)
FNDA:5,(anonymous_5)
FNDA:5,(anonymous_6)
DA:1,5
DA:22,5
DA:23,10
DA:35,5
DA:36,5
DA:39,5
DA:48,8
DA:49,8
DA:57,1
DA:58,1
DA:66,5
DA:67,6
DA:68,3
DA:71,2
DA:72,1
DA:74,1
DA:93,5
LF:17
LH:17
BRDA:23,0,0,5
BRDA:23,0,1,5
BRDA:67,1,0,3
BRDA:71,2,0,1
BRF:4
BRH:4
end_of_record
